ARM GAS  C:\Users\ALEXMI~1\AppData\Local\Temp\ccZANXiz.s 			page 1


   1              		.cpu cortex-m7
   2              		.arch armv7e-m
   3              		.fpu fpv5-sp-d16
   4              		.eabi_attribute 27, 1
   5              		.eabi_attribute 28, 1
   6              		.eabi_attribute 20, 1
   7              		.eabi_attribute 21, 1
   8              		.eabi_attribute 23, 3
   9              		.eabi_attribute 24, 1
  10              		.eabi_attribute 25, 1
  11              		.eabi_attribute 26, 1
  12              		.eabi_attribute 30, 1
  13              		.eabi_attribute 34, 1
  14              		.eabi_attribute 18, 4
  15              		.file	"stm32f7xx_hal_msp.c"
  16              		.text
  17              	.Ltext0:
  18              		.cfi_sections	.debug_frame
  19              		.file 1 "Core/Src/stm32f7xx_hal_msp.c"
  20              		.section	.text.HAL_MspInit,"ax",%progbits
  21              		.align	1
  22              		.global	HAL_MspInit
  23              		.syntax unified
  24              		.thumb
  25              		.thumb_func
  27              	HAL_MspInit:
  28              	.LFB141:
   1:Core/Src/stm32f7xx_hal_msp.c **** /* USER CODE BEGIN Header */
   2:Core/Src/stm32f7xx_hal_msp.c **** /**
   3:Core/Src/stm32f7xx_hal_msp.c ****   ******************************************************************************
   4:Core/Src/stm32f7xx_hal_msp.c ****   * @file         stm32f7xx_hal_msp.c
   5:Core/Src/stm32f7xx_hal_msp.c ****   * @brief        This file provides code for the MSP Initialization
   6:Core/Src/stm32f7xx_hal_msp.c ****   *               and de-Initialization codes.
   7:Core/Src/stm32f7xx_hal_msp.c ****   ******************************************************************************
   8:Core/Src/stm32f7xx_hal_msp.c ****   * @attention
   9:Core/Src/stm32f7xx_hal_msp.c ****   *
  10:Core/Src/stm32f7xx_hal_msp.c ****   * Copyright (c) 2025 STMicroelectronics.
  11:Core/Src/stm32f7xx_hal_msp.c ****   * All rights reserved.
  12:Core/Src/stm32f7xx_hal_msp.c ****   *
  13:Core/Src/stm32f7xx_hal_msp.c ****   * This software is licensed under terms that can be found in the LICENSE file
  14:Core/Src/stm32f7xx_hal_msp.c ****   * in the root directory of this software component.
  15:Core/Src/stm32f7xx_hal_msp.c ****   * If no LICENSE file comes with this software, it is provided AS-IS.
  16:Core/Src/stm32f7xx_hal_msp.c ****   *
  17:Core/Src/stm32f7xx_hal_msp.c ****   ******************************************************************************
  18:Core/Src/stm32f7xx_hal_msp.c ****   */
  19:Core/Src/stm32f7xx_hal_msp.c **** /* USER CODE END Header */
  20:Core/Src/stm32f7xx_hal_msp.c **** /* Includes ------------------------------------------------------------------*/
  21:Core/Src/stm32f7xx_hal_msp.c **** #include "main.h"
  22:Core/Src/stm32f7xx_hal_msp.c **** /* USER CODE BEGIN Includes */
  23:Core/Src/stm32f7xx_hal_msp.c **** 
  24:Core/Src/stm32f7xx_hal_msp.c **** /* USER CODE END Includes */
  25:Core/Src/stm32f7xx_hal_msp.c **** 
  26:Core/Src/stm32f7xx_hal_msp.c **** /* Private typedef -----------------------------------------------------------*/
  27:Core/Src/stm32f7xx_hal_msp.c **** /* USER CODE BEGIN TD */
  28:Core/Src/stm32f7xx_hal_msp.c **** 
  29:Core/Src/stm32f7xx_hal_msp.c **** /* USER CODE END TD */
  30:Core/Src/stm32f7xx_hal_msp.c **** 
ARM GAS  C:\Users\ALEXMI~1\AppData\Local\Temp\ccZANXiz.s 			page 2


  31:Core/Src/stm32f7xx_hal_msp.c **** /* Private define ------------------------------------------------------------*/
  32:Core/Src/stm32f7xx_hal_msp.c **** /* USER CODE BEGIN Define */
  33:Core/Src/stm32f7xx_hal_msp.c **** 
  34:Core/Src/stm32f7xx_hal_msp.c **** /* USER CODE END Define */
  35:Core/Src/stm32f7xx_hal_msp.c **** 
  36:Core/Src/stm32f7xx_hal_msp.c **** /* Private macro -------------------------------------------------------------*/
  37:Core/Src/stm32f7xx_hal_msp.c **** /* USER CODE BEGIN Macro */
  38:Core/Src/stm32f7xx_hal_msp.c **** 
  39:Core/Src/stm32f7xx_hal_msp.c **** /* USER CODE END Macro */
  40:Core/Src/stm32f7xx_hal_msp.c **** 
  41:Core/Src/stm32f7xx_hal_msp.c **** /* Private variables ---------------------------------------------------------*/
  42:Core/Src/stm32f7xx_hal_msp.c **** /* USER CODE BEGIN PV */
  43:Core/Src/stm32f7xx_hal_msp.c **** 
  44:Core/Src/stm32f7xx_hal_msp.c **** /* USER CODE END PV */
  45:Core/Src/stm32f7xx_hal_msp.c **** 
  46:Core/Src/stm32f7xx_hal_msp.c **** /* Private function prototypes -----------------------------------------------*/
  47:Core/Src/stm32f7xx_hal_msp.c **** /* USER CODE BEGIN PFP */
  48:Core/Src/stm32f7xx_hal_msp.c **** 
  49:Core/Src/stm32f7xx_hal_msp.c **** /* USER CODE END PFP */
  50:Core/Src/stm32f7xx_hal_msp.c **** 
  51:Core/Src/stm32f7xx_hal_msp.c **** /* External functions --------------------------------------------------------*/
  52:Core/Src/stm32f7xx_hal_msp.c **** /* USER CODE BEGIN ExternalFunctions */
  53:Core/Src/stm32f7xx_hal_msp.c **** 
  54:Core/Src/stm32f7xx_hal_msp.c **** /* USER CODE END ExternalFunctions */
  55:Core/Src/stm32f7xx_hal_msp.c **** 
  56:Core/Src/stm32f7xx_hal_msp.c **** /* USER CODE BEGIN 0 */
  57:Core/Src/stm32f7xx_hal_msp.c **** 
  58:Core/Src/stm32f7xx_hal_msp.c **** /* USER CODE END 0 */
  59:Core/Src/stm32f7xx_hal_msp.c **** 
  60:Core/Src/stm32f7xx_hal_msp.c **** void HAL_TIM_MspPostInit(TIM_HandleTypeDef *htim);
  61:Core/Src/stm32f7xx_hal_msp.c ****                     /**
  62:Core/Src/stm32f7xx_hal_msp.c ****   * Initializes the Global MSP.
  63:Core/Src/stm32f7xx_hal_msp.c ****   */
  64:Core/Src/stm32f7xx_hal_msp.c **** void HAL_MspInit(void)
  65:Core/Src/stm32f7xx_hal_msp.c **** {
  29              		.loc 1 65 1 view -0
  30              		.cfi_startproc
  31              		@ args = 0, pretend = 0, frame = 8
  32              		@ frame_needed = 0, uses_anonymous_args = 0
  33              		@ link register save eliminated.
  34 0000 82B0     		sub	sp, sp, #8
  35              	.LCFI0:
  36              		.cfi_def_cfa_offset 8
  66:Core/Src/stm32f7xx_hal_msp.c **** 
  67:Core/Src/stm32f7xx_hal_msp.c ****   /* USER CODE BEGIN MspInit 0 */
  68:Core/Src/stm32f7xx_hal_msp.c **** 
  69:Core/Src/stm32f7xx_hal_msp.c ****   /* USER CODE END MspInit 0 */
  70:Core/Src/stm32f7xx_hal_msp.c **** 
  71:Core/Src/stm32f7xx_hal_msp.c ****   __HAL_RCC_PWR_CLK_ENABLE();
  37              		.loc 1 71 3 view .LVU1
  38              	.LBB2:
  39              		.loc 1 71 3 view .LVU2
  40              		.loc 1 71 3 view .LVU3
  41 0002 0A4B     		ldr	r3, .L3
  42 0004 1A6C     		ldr	r2, [r3, #64]
  43 0006 42F08052 		orr	r2, r2, #268435456
  44 000a 1A64     		str	r2, [r3, #64]
ARM GAS  C:\Users\ALEXMI~1\AppData\Local\Temp\ccZANXiz.s 			page 3


  45              		.loc 1 71 3 view .LVU4
  46 000c 1A6C     		ldr	r2, [r3, #64]
  47 000e 02F08052 		and	r2, r2, #268435456
  48 0012 0092     		str	r2, [sp]
  49              		.loc 1 71 3 view .LVU5
  50 0014 009A     		ldr	r2, [sp]
  51              	.LBE2:
  52              		.loc 1 71 3 view .LVU6
  72:Core/Src/stm32f7xx_hal_msp.c ****   __HAL_RCC_SYSCFG_CLK_ENABLE();
  53              		.loc 1 72 3 view .LVU7
  54              	.LBB3:
  55              		.loc 1 72 3 view .LVU8
  56              		.loc 1 72 3 view .LVU9
  57 0016 5A6C     		ldr	r2, [r3, #68]
  58 0018 42F48042 		orr	r2, r2, #16384
  59 001c 5A64     		str	r2, [r3, #68]
  60              		.loc 1 72 3 view .LVU10
  61 001e 5B6C     		ldr	r3, [r3, #68]
  62 0020 03F48043 		and	r3, r3, #16384
  63 0024 0193     		str	r3, [sp, #4]
  64              		.loc 1 72 3 view .LVU11
  65 0026 019B     		ldr	r3, [sp, #4]
  66              	.LBE3:
  67              		.loc 1 72 3 view .LVU12
  73:Core/Src/stm32f7xx_hal_msp.c **** 
  74:Core/Src/stm32f7xx_hal_msp.c ****   /* System interrupt init*/
  75:Core/Src/stm32f7xx_hal_msp.c **** 
  76:Core/Src/stm32f7xx_hal_msp.c ****   /* USER CODE BEGIN MspInit 1 */
  77:Core/Src/stm32f7xx_hal_msp.c **** 
  78:Core/Src/stm32f7xx_hal_msp.c ****   /* USER CODE END MspInit 1 */
  79:Core/Src/stm32f7xx_hal_msp.c **** }
  68              		.loc 1 79 1 is_stmt 0 view .LVU13
  69 0028 02B0     		add	sp, sp, #8
  70              	.LCFI1:
  71              		.cfi_def_cfa_offset 0
  72              		@ sp needed
  73 002a 7047     		bx	lr
  74              	.L4:
  75              		.align	2
  76              	.L3:
  77 002c 00380240 		.word	1073887232
  78              		.cfi_endproc
  79              	.LFE141:
  81              		.section	.text.HAL_I2C_MspInit,"ax",%progbits
  82              		.align	1
  83              		.global	HAL_I2C_MspInit
  84              		.syntax unified
  85              		.thumb
  86              		.thumb_func
  88              	HAL_I2C_MspInit:
  89              	.LVL0:
  90              	.LFB142:
  80:Core/Src/stm32f7xx_hal_msp.c **** 
  81:Core/Src/stm32f7xx_hal_msp.c **** /**
  82:Core/Src/stm32f7xx_hal_msp.c ****   * @brief I2C MSP Initialization
  83:Core/Src/stm32f7xx_hal_msp.c ****   * This function configures the hardware resources used in this example
  84:Core/Src/stm32f7xx_hal_msp.c ****   * @param hi2c: I2C handle pointer
ARM GAS  C:\Users\ALEXMI~1\AppData\Local\Temp\ccZANXiz.s 			page 4


  85:Core/Src/stm32f7xx_hal_msp.c ****   * @retval None
  86:Core/Src/stm32f7xx_hal_msp.c ****   */
  87:Core/Src/stm32f7xx_hal_msp.c **** void HAL_I2C_MspInit(I2C_HandleTypeDef* hi2c)
  88:Core/Src/stm32f7xx_hal_msp.c **** {
  91              		.loc 1 88 1 is_stmt 1 view -0
  92              		.cfi_startproc
  93              		@ args = 0, pretend = 0, frame = 160
  94              		@ frame_needed = 0, uses_anonymous_args = 0
  95              		.loc 1 88 1 is_stmt 0 view .LVU15
  96 0000 10B5     		push	{r4, lr}
  97              	.LCFI2:
  98              		.cfi_def_cfa_offset 8
  99              		.cfi_offset 4, -8
 100              		.cfi_offset 14, -4
 101 0002 A8B0     		sub	sp, sp, #160
 102              	.LCFI3:
 103              		.cfi_def_cfa_offset 168
 104 0004 0446     		mov	r4, r0
  89:Core/Src/stm32f7xx_hal_msp.c ****   GPIO_InitTypeDef GPIO_InitStruct = {0};
 105              		.loc 1 89 3 is_stmt 1 view .LVU16
 106              		.loc 1 89 20 is_stmt 0 view .LVU17
 107 0006 0021     		movs	r1, #0
 108 0008 2391     		str	r1, [sp, #140]
 109 000a 2491     		str	r1, [sp, #144]
 110 000c 2591     		str	r1, [sp, #148]
 111 000e 2691     		str	r1, [sp, #152]
 112 0010 2791     		str	r1, [sp, #156]
  90:Core/Src/stm32f7xx_hal_msp.c ****   RCC_PeriphCLKInitTypeDef PeriphClkInitStruct = {0};
 113              		.loc 1 90 3 is_stmt 1 view .LVU18
 114              		.loc 1 90 28 is_stmt 0 view .LVU19
 115 0012 8022     		movs	r2, #128
 116 0014 03A8     		add	r0, sp, #12
 117              	.LVL1:
 118              		.loc 1 90 28 view .LVU20
 119 0016 FFF7FEFF 		bl	memset
 120              	.LVL2:
  91:Core/Src/stm32f7xx_hal_msp.c ****   if(hi2c->Instance==I2C1)
 121              		.loc 1 91 3 is_stmt 1 view .LVU21
 122              		.loc 1 91 10 is_stmt 0 view .LVU22
 123 001a 2268     		ldr	r2, [r4]
 124              		.loc 1 91 5 view .LVU23
 125 001c 184B     		ldr	r3, .L11
 126 001e 9A42     		cmp	r2, r3
 127 0020 01D0     		beq	.L9
 128              	.LVL3:
 129              	.L5:
  92:Core/Src/stm32f7xx_hal_msp.c ****   {
  93:Core/Src/stm32f7xx_hal_msp.c ****     /* USER CODE BEGIN I2C1_MspInit 0 */
  94:Core/Src/stm32f7xx_hal_msp.c **** 
  95:Core/Src/stm32f7xx_hal_msp.c ****     /* USER CODE END I2C1_MspInit 0 */
  96:Core/Src/stm32f7xx_hal_msp.c **** 
  97:Core/Src/stm32f7xx_hal_msp.c ****   /** Initializes the peripherals clock
  98:Core/Src/stm32f7xx_hal_msp.c ****   */
  99:Core/Src/stm32f7xx_hal_msp.c ****     PeriphClkInitStruct.PeriphClockSelection = RCC_PERIPHCLK_I2C1;
 100:Core/Src/stm32f7xx_hal_msp.c ****     PeriphClkInitStruct.I2c1ClockSelection = RCC_I2C1CLKSOURCE_PCLK1;
 101:Core/Src/stm32f7xx_hal_msp.c ****     if (HAL_RCCEx_PeriphCLKConfig(&PeriphClkInitStruct) != HAL_OK)
 102:Core/Src/stm32f7xx_hal_msp.c ****     {
ARM GAS  C:\Users\ALEXMI~1\AppData\Local\Temp\ccZANXiz.s 			page 5


 103:Core/Src/stm32f7xx_hal_msp.c ****       Error_Handler();
 104:Core/Src/stm32f7xx_hal_msp.c ****     }
 105:Core/Src/stm32f7xx_hal_msp.c **** 
 106:Core/Src/stm32f7xx_hal_msp.c ****     __HAL_RCC_GPIOB_CLK_ENABLE();
 107:Core/Src/stm32f7xx_hal_msp.c ****     /**I2C1 GPIO Configuration
 108:Core/Src/stm32f7xx_hal_msp.c ****     PB6     ------> I2C1_SCL
 109:Core/Src/stm32f7xx_hal_msp.c ****     PB7     ------> I2C1_SDA
 110:Core/Src/stm32f7xx_hal_msp.c ****     */
 111:Core/Src/stm32f7xx_hal_msp.c ****     GPIO_InitStruct.Pin = GPIO_PIN_6|GPIO_PIN_7;
 112:Core/Src/stm32f7xx_hal_msp.c ****     GPIO_InitStruct.Mode = GPIO_MODE_AF_OD;
 113:Core/Src/stm32f7xx_hal_msp.c ****     GPIO_InitStruct.Pull = GPIO_NOPULL;
 114:Core/Src/stm32f7xx_hal_msp.c ****     GPIO_InitStruct.Speed = GPIO_SPEED_FREQ_VERY_HIGH;
 115:Core/Src/stm32f7xx_hal_msp.c ****     GPIO_InitStruct.Alternate = GPIO_AF4_I2C1;
 116:Core/Src/stm32f7xx_hal_msp.c ****     HAL_GPIO_Init(GPIOB, &GPIO_InitStruct);
 117:Core/Src/stm32f7xx_hal_msp.c **** 
 118:Core/Src/stm32f7xx_hal_msp.c ****     /* Peripheral clock enable */
 119:Core/Src/stm32f7xx_hal_msp.c ****     __HAL_RCC_I2C1_CLK_ENABLE();
 120:Core/Src/stm32f7xx_hal_msp.c ****     /* USER CODE BEGIN I2C1_MspInit 1 */
 121:Core/Src/stm32f7xx_hal_msp.c **** 
 122:Core/Src/stm32f7xx_hal_msp.c ****     /* USER CODE END I2C1_MspInit 1 */
 123:Core/Src/stm32f7xx_hal_msp.c **** 
 124:Core/Src/stm32f7xx_hal_msp.c ****   }
 125:Core/Src/stm32f7xx_hal_msp.c **** 
 126:Core/Src/stm32f7xx_hal_msp.c **** }
 130              		.loc 1 126 1 view .LVU24
 131 0022 28B0     		add	sp, sp, #160
 132              	.LCFI4:
 133              		.cfi_remember_state
 134              		.cfi_def_cfa_offset 8
 135              		@ sp needed
 136 0024 10BD     		pop	{r4, pc}
 137              	.LVL4:
 138              	.L9:
 139              	.LCFI5:
 140              		.cfi_restore_state
  99:Core/Src/stm32f7xx_hal_msp.c ****     PeriphClkInitStruct.I2c1ClockSelection = RCC_I2C1CLKSOURCE_PCLK1;
 141              		.loc 1 99 5 is_stmt 1 view .LVU25
  99:Core/Src/stm32f7xx_hal_msp.c ****     PeriphClkInitStruct.I2c1ClockSelection = RCC_I2C1CLKSOURCE_PCLK1;
 142              		.loc 1 99 46 is_stmt 0 view .LVU26
 143 0026 4FF48043 		mov	r3, #16384
 144 002a 0393     		str	r3, [sp, #12]
 100:Core/Src/stm32f7xx_hal_msp.c ****     if (HAL_RCCEx_PeriphCLKConfig(&PeriphClkInitStruct) != HAL_OK)
 145              		.loc 1 100 5 is_stmt 1 view .LVU27
 101:Core/Src/stm32f7xx_hal_msp.c ****     {
 146              		.loc 1 101 5 view .LVU28
 101:Core/Src/stm32f7xx_hal_msp.c ****     {
 147              		.loc 1 101 9 is_stmt 0 view .LVU29
 148 002c 03A8     		add	r0, sp, #12
 149 002e FFF7FEFF 		bl	HAL_RCCEx_PeriphCLKConfig
 150              	.LVL5:
 101:Core/Src/stm32f7xx_hal_msp.c ****     {
 151              		.loc 1 101 8 discriminator 1 view .LVU30
 152 0032 08BB     		cbnz	r0, .L10
 153              	.L7:
 106:Core/Src/stm32f7xx_hal_msp.c ****     /**I2C1 GPIO Configuration
 154              		.loc 1 106 5 is_stmt 1 view .LVU31
 155              	.LBB4:
ARM GAS  C:\Users\ALEXMI~1\AppData\Local\Temp\ccZANXiz.s 			page 6


 106:Core/Src/stm32f7xx_hal_msp.c ****     /**I2C1 GPIO Configuration
 156              		.loc 1 106 5 view .LVU32
 106:Core/Src/stm32f7xx_hal_msp.c ****     /**I2C1 GPIO Configuration
 157              		.loc 1 106 5 view .LVU33
 158 0034 134C     		ldr	r4, .L11+4
 159              	.LVL6:
 106:Core/Src/stm32f7xx_hal_msp.c ****     /**I2C1 GPIO Configuration
 160              		.loc 1 106 5 is_stmt 0 view .LVU34
 161 0036 236B     		ldr	r3, [r4, #48]
 162 0038 43F00203 		orr	r3, r3, #2
 163 003c 2363     		str	r3, [r4, #48]
 106:Core/Src/stm32f7xx_hal_msp.c ****     /**I2C1 GPIO Configuration
 164              		.loc 1 106 5 is_stmt 1 view .LVU35
 165 003e 236B     		ldr	r3, [r4, #48]
 166 0040 03F00203 		and	r3, r3, #2
 167 0044 0193     		str	r3, [sp, #4]
 106:Core/Src/stm32f7xx_hal_msp.c ****     /**I2C1 GPIO Configuration
 168              		.loc 1 106 5 view .LVU36
 169 0046 019B     		ldr	r3, [sp, #4]
 170              	.LBE4:
 106:Core/Src/stm32f7xx_hal_msp.c ****     /**I2C1 GPIO Configuration
 171              		.loc 1 106 5 view .LVU37
 111:Core/Src/stm32f7xx_hal_msp.c ****     GPIO_InitStruct.Mode = GPIO_MODE_AF_OD;
 172              		.loc 1 111 5 view .LVU38
 111:Core/Src/stm32f7xx_hal_msp.c ****     GPIO_InitStruct.Mode = GPIO_MODE_AF_OD;
 173              		.loc 1 111 25 is_stmt 0 view .LVU39
 174 0048 C023     		movs	r3, #192
 175 004a 2393     		str	r3, [sp, #140]
 112:Core/Src/stm32f7xx_hal_msp.c ****     GPIO_InitStruct.Pull = GPIO_NOPULL;
 176              		.loc 1 112 5 is_stmt 1 view .LVU40
 112:Core/Src/stm32f7xx_hal_msp.c ****     GPIO_InitStruct.Pull = GPIO_NOPULL;
 177              		.loc 1 112 26 is_stmt 0 view .LVU41
 178 004c 1223     		movs	r3, #18
 179 004e 2493     		str	r3, [sp, #144]
 113:Core/Src/stm32f7xx_hal_msp.c ****     GPIO_InitStruct.Speed = GPIO_SPEED_FREQ_VERY_HIGH;
 180              		.loc 1 113 5 is_stmt 1 view .LVU42
 113:Core/Src/stm32f7xx_hal_msp.c ****     GPIO_InitStruct.Speed = GPIO_SPEED_FREQ_VERY_HIGH;
 181              		.loc 1 113 26 is_stmt 0 view .LVU43
 182 0050 0023     		movs	r3, #0
 183 0052 2593     		str	r3, [sp, #148]
 114:Core/Src/stm32f7xx_hal_msp.c ****     GPIO_InitStruct.Alternate = GPIO_AF4_I2C1;
 184              		.loc 1 114 5 is_stmt 1 view .LVU44
 114:Core/Src/stm32f7xx_hal_msp.c ****     GPIO_InitStruct.Alternate = GPIO_AF4_I2C1;
 185              		.loc 1 114 27 is_stmt 0 view .LVU45
 186 0054 0323     		movs	r3, #3
 187 0056 2693     		str	r3, [sp, #152]
 115:Core/Src/stm32f7xx_hal_msp.c ****     HAL_GPIO_Init(GPIOB, &GPIO_InitStruct);
 188              		.loc 1 115 5 is_stmt 1 view .LVU46
 115:Core/Src/stm32f7xx_hal_msp.c ****     HAL_GPIO_Init(GPIOB, &GPIO_InitStruct);
 189              		.loc 1 115 31 is_stmt 0 view .LVU47
 190 0058 0423     		movs	r3, #4
 191 005a 2793     		str	r3, [sp, #156]
 116:Core/Src/stm32f7xx_hal_msp.c **** 
 192              		.loc 1 116 5 is_stmt 1 view .LVU48
 193 005c 23A9     		add	r1, sp, #140
 194 005e 0A48     		ldr	r0, .L11+8
 195 0060 FFF7FEFF 		bl	HAL_GPIO_Init
ARM GAS  C:\Users\ALEXMI~1\AppData\Local\Temp\ccZANXiz.s 			page 7


 196              	.LVL7:
 119:Core/Src/stm32f7xx_hal_msp.c ****     /* USER CODE BEGIN I2C1_MspInit 1 */
 197              		.loc 1 119 5 view .LVU49
 198              	.LBB5:
 119:Core/Src/stm32f7xx_hal_msp.c ****     /* USER CODE BEGIN I2C1_MspInit 1 */
 199              		.loc 1 119 5 view .LVU50
 119:Core/Src/stm32f7xx_hal_msp.c ****     /* USER CODE BEGIN I2C1_MspInit 1 */
 200              		.loc 1 119 5 view .LVU51
 201 0064 236C     		ldr	r3, [r4, #64]
 202 0066 43F40013 		orr	r3, r3, #2097152
 203 006a 2364     		str	r3, [r4, #64]
 119:Core/Src/stm32f7xx_hal_msp.c ****     /* USER CODE BEGIN I2C1_MspInit 1 */
 204              		.loc 1 119 5 view .LVU52
 205 006c 236C     		ldr	r3, [r4, #64]
 206 006e 03F40013 		and	r3, r3, #2097152
 207 0072 0293     		str	r3, [sp, #8]
 119:Core/Src/stm32f7xx_hal_msp.c ****     /* USER CODE BEGIN I2C1_MspInit 1 */
 208              		.loc 1 119 5 view .LVU53
 209 0074 029B     		ldr	r3, [sp, #8]
 210              	.LBE5:
 119:Core/Src/stm32f7xx_hal_msp.c ****     /* USER CODE BEGIN I2C1_MspInit 1 */
 211              		.loc 1 119 5 discriminator 1 view .LVU54
 212              		.loc 1 126 1 is_stmt 0 view .LVU55
 213 0076 D4E7     		b	.L5
 214              	.LVL8:
 215              	.L10:
 103:Core/Src/stm32f7xx_hal_msp.c ****     }
 216              		.loc 1 103 7 is_stmt 1 view .LVU56
 217 0078 FFF7FEFF 		bl	Error_Handler
 218              	.LVL9:
 219 007c DAE7     		b	.L7
 220              	.L12:
 221 007e 00BF     		.align	2
 222              	.L11:
 223 0080 00540040 		.word	1073763328
 224 0084 00380240 		.word	1073887232
 225 0088 00040240 		.word	1073873920
 226              		.cfi_endproc
 227              	.LFE142:
 229              		.section	.text.HAL_I2C_MspDeInit,"ax",%progbits
 230              		.align	1
 231              		.global	HAL_I2C_MspDeInit
 232              		.syntax unified
 233              		.thumb
 234              		.thumb_func
 236              	HAL_I2C_MspDeInit:
 237              	.LVL10:
 238              	.LFB143:
 127:Core/Src/stm32f7xx_hal_msp.c **** 
 128:Core/Src/stm32f7xx_hal_msp.c **** /**
 129:Core/Src/stm32f7xx_hal_msp.c ****   * @brief I2C MSP De-Initialization
 130:Core/Src/stm32f7xx_hal_msp.c ****   * This function freeze the hardware resources used in this example
 131:Core/Src/stm32f7xx_hal_msp.c ****   * @param hi2c: I2C handle pointer
 132:Core/Src/stm32f7xx_hal_msp.c ****   * @retval None
 133:Core/Src/stm32f7xx_hal_msp.c ****   */
 134:Core/Src/stm32f7xx_hal_msp.c **** void HAL_I2C_MspDeInit(I2C_HandleTypeDef* hi2c)
 135:Core/Src/stm32f7xx_hal_msp.c **** {
ARM GAS  C:\Users\ALEXMI~1\AppData\Local\Temp\ccZANXiz.s 			page 8


 239              		.loc 1 135 1 view -0
 240              		.cfi_startproc
 241              		@ args = 0, pretend = 0, frame = 0
 242              		@ frame_needed = 0, uses_anonymous_args = 0
 136:Core/Src/stm32f7xx_hal_msp.c ****   if(hi2c->Instance==I2C1)
 243              		.loc 1 136 3 view .LVU58
 244              		.loc 1 136 10 is_stmt 0 view .LVU59
 245 0000 0268     		ldr	r2, [r0]
 246              		.loc 1 136 5 view .LVU60
 247 0002 0A4B     		ldr	r3, .L20
 248 0004 9A42     		cmp	r2, r3
 249 0006 00D0     		beq	.L19
 250 0008 7047     		bx	lr
 251              	.L19:
 135:Core/Src/stm32f7xx_hal_msp.c ****   if(hi2c->Instance==I2C1)
 252              		.loc 1 135 1 view .LVU61
 253 000a 10B5     		push	{r4, lr}
 254              	.LCFI6:
 255              		.cfi_def_cfa_offset 8
 256              		.cfi_offset 4, -8
 257              		.cfi_offset 14, -4
 137:Core/Src/stm32f7xx_hal_msp.c ****   {
 138:Core/Src/stm32f7xx_hal_msp.c ****     /* USER CODE BEGIN I2C1_MspDeInit 0 */
 139:Core/Src/stm32f7xx_hal_msp.c **** 
 140:Core/Src/stm32f7xx_hal_msp.c ****     /* USER CODE END I2C1_MspDeInit 0 */
 141:Core/Src/stm32f7xx_hal_msp.c ****     /* Peripheral clock disable */
 142:Core/Src/stm32f7xx_hal_msp.c ****     __HAL_RCC_I2C1_CLK_DISABLE();
 258              		.loc 1 142 5 is_stmt 1 view .LVU62
 259 000c 084A     		ldr	r2, .L20+4
 260 000e 136C     		ldr	r3, [r2, #64]
 261 0010 23F40013 		bic	r3, r3, #2097152
 262 0014 1364     		str	r3, [r2, #64]
 143:Core/Src/stm32f7xx_hal_msp.c **** 
 144:Core/Src/stm32f7xx_hal_msp.c ****     /**I2C1 GPIO Configuration
 145:Core/Src/stm32f7xx_hal_msp.c ****     PB6     ------> I2C1_SCL
 146:Core/Src/stm32f7xx_hal_msp.c ****     PB7     ------> I2C1_SDA
 147:Core/Src/stm32f7xx_hal_msp.c ****     */
 148:Core/Src/stm32f7xx_hal_msp.c ****     HAL_GPIO_DeInit(GPIOB, GPIO_PIN_6);
 263              		.loc 1 148 5 view .LVU63
 264 0016 074C     		ldr	r4, .L20+8
 265 0018 4021     		movs	r1, #64
 266 001a 2046     		mov	r0, r4
 267              	.LVL11:
 268              		.loc 1 148 5 is_stmt 0 view .LVU64
 269 001c FFF7FEFF 		bl	HAL_GPIO_DeInit
 270              	.LVL12:
 149:Core/Src/stm32f7xx_hal_msp.c **** 
 150:Core/Src/stm32f7xx_hal_msp.c ****     HAL_GPIO_DeInit(GPIOB, GPIO_PIN_7);
 271              		.loc 1 150 5 is_stmt 1 view .LVU65
 272 0020 8021     		movs	r1, #128
 273 0022 2046     		mov	r0, r4
 274 0024 FFF7FEFF 		bl	HAL_GPIO_DeInit
 275              	.LVL13:
 151:Core/Src/stm32f7xx_hal_msp.c **** 
 152:Core/Src/stm32f7xx_hal_msp.c ****     /* USER CODE BEGIN I2C1_MspDeInit 1 */
 153:Core/Src/stm32f7xx_hal_msp.c **** 
 154:Core/Src/stm32f7xx_hal_msp.c ****     /* USER CODE END I2C1_MspDeInit 1 */
ARM GAS  C:\Users\ALEXMI~1\AppData\Local\Temp\ccZANXiz.s 			page 9


 155:Core/Src/stm32f7xx_hal_msp.c ****   }
 156:Core/Src/stm32f7xx_hal_msp.c **** 
 157:Core/Src/stm32f7xx_hal_msp.c **** }
 276              		.loc 1 157 1 is_stmt 0 view .LVU66
 277 0028 10BD     		pop	{r4, pc}
 278              	.L21:
 279 002a 00BF     		.align	2
 280              	.L20:
 281 002c 00540040 		.word	1073763328
 282 0030 00380240 		.word	1073887232
 283 0034 00040240 		.word	1073873920
 284              		.cfi_endproc
 285              	.LFE143:
 287              		.section	.text.HAL_SD_MspInit,"ax",%progbits
 288              		.align	1
 289              		.global	HAL_SD_MspInit
 290              		.syntax unified
 291              		.thumb
 292              		.thumb_func
 294              	HAL_SD_MspInit:
 295              	.LVL14:
 296              	.LFB144:
 158:Core/Src/stm32f7xx_hal_msp.c **** 
 159:Core/Src/stm32f7xx_hal_msp.c **** /**
 160:Core/Src/stm32f7xx_hal_msp.c ****   * @brief SD MSP Initialization
 161:Core/Src/stm32f7xx_hal_msp.c ****   * This function configures the hardware resources used in this example
 162:Core/Src/stm32f7xx_hal_msp.c ****   * @param hsd: SD handle pointer
 163:Core/Src/stm32f7xx_hal_msp.c ****   * @retval None
 164:Core/Src/stm32f7xx_hal_msp.c ****   */
 165:Core/Src/stm32f7xx_hal_msp.c **** void HAL_SD_MspInit(SD_HandleTypeDef* hsd)
 166:Core/Src/stm32f7xx_hal_msp.c **** {
 297              		.loc 1 166 1 is_stmt 1 view -0
 298              		.cfi_startproc
 299              		@ args = 0, pretend = 0, frame = 160
 300              		@ frame_needed = 0, uses_anonymous_args = 0
 301              		.loc 1 166 1 is_stmt 0 view .LVU68
 302 0000 2DE9F041 		push	{r4, r5, r6, r7, r8, lr}
 303              	.LCFI7:
 304              		.cfi_def_cfa_offset 24
 305              		.cfi_offset 4, -24
 306              		.cfi_offset 5, -20
 307              		.cfi_offset 6, -16
 308              		.cfi_offset 7, -12
 309              		.cfi_offset 8, -8
 310              		.cfi_offset 14, -4
 311 0004 A8B0     		sub	sp, sp, #160
 312              	.LCFI8:
 313              		.cfi_def_cfa_offset 184
 314 0006 0446     		mov	r4, r0
 167:Core/Src/stm32f7xx_hal_msp.c ****   GPIO_InitTypeDef GPIO_InitStruct = {0};
 315              		.loc 1 167 3 is_stmt 1 view .LVU69
 316              		.loc 1 167 20 is_stmt 0 view .LVU70
 317 0008 0021     		movs	r1, #0
 318 000a 2391     		str	r1, [sp, #140]
 319 000c 2491     		str	r1, [sp, #144]
 320 000e 2591     		str	r1, [sp, #148]
 321 0010 2691     		str	r1, [sp, #152]
ARM GAS  C:\Users\ALEXMI~1\AppData\Local\Temp\ccZANXiz.s 			page 10


 322 0012 2791     		str	r1, [sp, #156]
 168:Core/Src/stm32f7xx_hal_msp.c ****   RCC_PeriphCLKInitTypeDef PeriphClkInitStruct = {0};
 323              		.loc 1 168 3 is_stmt 1 view .LVU71
 324              		.loc 1 168 28 is_stmt 0 view .LVU72
 325 0014 8022     		movs	r2, #128
 326 0016 03A8     		add	r0, sp, #12
 327              	.LVL15:
 328              		.loc 1 168 28 view .LVU73
 329 0018 FFF7FEFF 		bl	memset
 330              	.LVL16:
 169:Core/Src/stm32f7xx_hal_msp.c ****   if(hsd->Instance==SDMMC1)
 331              		.loc 1 169 3 is_stmt 1 view .LVU74
 332              		.loc 1 169 9 is_stmt 0 view .LVU75
 333 001c 2268     		ldr	r2, [r4]
 334              		.loc 1 169 5 view .LVU76
 335 001e 274B     		ldr	r3, .L28
 336 0020 9A42     		cmp	r2, r3
 337 0022 02D0     		beq	.L26
 338              	.LVL17:
 339              	.L22:
 170:Core/Src/stm32f7xx_hal_msp.c ****   {
 171:Core/Src/stm32f7xx_hal_msp.c ****     /* USER CODE BEGIN SDMMC1_MspInit 0 */
 172:Core/Src/stm32f7xx_hal_msp.c **** 
 173:Core/Src/stm32f7xx_hal_msp.c ****     /* USER CODE END SDMMC1_MspInit 0 */
 174:Core/Src/stm32f7xx_hal_msp.c **** 
 175:Core/Src/stm32f7xx_hal_msp.c ****   /** Initializes the peripherals clock
 176:Core/Src/stm32f7xx_hal_msp.c ****   */
 177:Core/Src/stm32f7xx_hal_msp.c ****     PeriphClkInitStruct.PeriphClockSelection = RCC_PERIPHCLK_SDMMC1;
 178:Core/Src/stm32f7xx_hal_msp.c ****     PeriphClkInitStruct.Sdmmc1ClockSelection = RCC_SDMMC1CLKSOURCE_SYSCLK;
 179:Core/Src/stm32f7xx_hal_msp.c ****     if (HAL_RCCEx_PeriphCLKConfig(&PeriphClkInitStruct) != HAL_OK)
 180:Core/Src/stm32f7xx_hal_msp.c ****     {
 181:Core/Src/stm32f7xx_hal_msp.c ****       Error_Handler();
 182:Core/Src/stm32f7xx_hal_msp.c ****     }
 183:Core/Src/stm32f7xx_hal_msp.c **** 
 184:Core/Src/stm32f7xx_hal_msp.c ****     /* Peripheral clock enable */
 185:Core/Src/stm32f7xx_hal_msp.c ****     __HAL_RCC_SDMMC1_CLK_ENABLE();
 186:Core/Src/stm32f7xx_hal_msp.c **** 
 187:Core/Src/stm32f7xx_hal_msp.c ****     __HAL_RCC_GPIOC_CLK_ENABLE();
 188:Core/Src/stm32f7xx_hal_msp.c ****     __HAL_RCC_GPIOD_CLK_ENABLE();
 189:Core/Src/stm32f7xx_hal_msp.c ****     /**SDMMC1 GPIO Configuration
 190:Core/Src/stm32f7xx_hal_msp.c ****     PC8     ------> SDMMC1_D0
 191:Core/Src/stm32f7xx_hal_msp.c ****     PC9     ------> SDMMC1_D1
 192:Core/Src/stm32f7xx_hal_msp.c ****     PC10     ------> SDMMC1_D2
 193:Core/Src/stm32f7xx_hal_msp.c ****     PC11     ------> SDMMC1_D3
 194:Core/Src/stm32f7xx_hal_msp.c ****     PC12     ------> SDMMC1_CK
 195:Core/Src/stm32f7xx_hal_msp.c ****     PD2     ------> SDMMC1_CMD
 196:Core/Src/stm32f7xx_hal_msp.c ****     */
 197:Core/Src/stm32f7xx_hal_msp.c ****     GPIO_InitStruct.Pin = GPIO_PIN_8|GPIO_PIN_9|GPIO_PIN_10|GPIO_PIN_11
 198:Core/Src/stm32f7xx_hal_msp.c ****                           |GPIO_PIN_12;
 199:Core/Src/stm32f7xx_hal_msp.c ****     GPIO_InitStruct.Mode = GPIO_MODE_AF_PP;
 200:Core/Src/stm32f7xx_hal_msp.c ****     GPIO_InitStruct.Pull = GPIO_NOPULL;
 201:Core/Src/stm32f7xx_hal_msp.c ****     GPIO_InitStruct.Speed = GPIO_SPEED_FREQ_VERY_HIGH;
 202:Core/Src/stm32f7xx_hal_msp.c ****     GPIO_InitStruct.Alternate = GPIO_AF12_SDMMC1;
 203:Core/Src/stm32f7xx_hal_msp.c ****     HAL_GPIO_Init(GPIOC, &GPIO_InitStruct);
 204:Core/Src/stm32f7xx_hal_msp.c **** 
 205:Core/Src/stm32f7xx_hal_msp.c ****     GPIO_InitStruct.Pin = GPIO_PIN_2;
 206:Core/Src/stm32f7xx_hal_msp.c ****     GPIO_InitStruct.Mode = GPIO_MODE_AF_PP;
ARM GAS  C:\Users\ALEXMI~1\AppData\Local\Temp\ccZANXiz.s 			page 11


 207:Core/Src/stm32f7xx_hal_msp.c ****     GPIO_InitStruct.Pull = GPIO_NOPULL;
 208:Core/Src/stm32f7xx_hal_msp.c ****     GPIO_InitStruct.Speed = GPIO_SPEED_FREQ_VERY_HIGH;
 209:Core/Src/stm32f7xx_hal_msp.c ****     GPIO_InitStruct.Alternate = GPIO_AF12_SDMMC1;
 210:Core/Src/stm32f7xx_hal_msp.c ****     HAL_GPIO_Init(GPIOD, &GPIO_InitStruct);
 211:Core/Src/stm32f7xx_hal_msp.c **** 
 212:Core/Src/stm32f7xx_hal_msp.c ****     /* USER CODE BEGIN SDMMC1_MspInit 1 */
 213:Core/Src/stm32f7xx_hal_msp.c **** 
 214:Core/Src/stm32f7xx_hal_msp.c ****     /* USER CODE END SDMMC1_MspInit 1 */
 215:Core/Src/stm32f7xx_hal_msp.c **** 
 216:Core/Src/stm32f7xx_hal_msp.c ****   }
 217:Core/Src/stm32f7xx_hal_msp.c **** 
 218:Core/Src/stm32f7xx_hal_msp.c **** }
 340              		.loc 1 218 1 view .LVU77
 341 0024 28B0     		add	sp, sp, #160
 342              	.LCFI9:
 343              		.cfi_remember_state
 344              		.cfi_def_cfa_offset 24
 345              		@ sp needed
 346 0026 BDE8F081 		pop	{r4, r5, r6, r7, r8, pc}
 347              	.LVL18:
 348              	.L26:
 349              	.LCFI10:
 350              		.cfi_restore_state
 177:Core/Src/stm32f7xx_hal_msp.c ****     PeriphClkInitStruct.Sdmmc1ClockSelection = RCC_SDMMC1CLKSOURCE_SYSCLK;
 351              		.loc 1 177 5 is_stmt 1 view .LVU78
 177:Core/Src/stm32f7xx_hal_msp.c ****     PeriphClkInitStruct.Sdmmc1ClockSelection = RCC_SDMMC1CLKSOURCE_SYSCLK;
 352              		.loc 1 177 46 is_stmt 0 view .LVU79
 353 002a 4FF40003 		mov	r3, #8388608
 354 002e 0393     		str	r3, [sp, #12]
 178:Core/Src/stm32f7xx_hal_msp.c ****     if (HAL_RCCEx_PeriphCLKConfig(&PeriphClkInitStruct) != HAL_OK)
 355              		.loc 1 178 5 is_stmt 1 view .LVU80
 178:Core/Src/stm32f7xx_hal_msp.c ****     if (HAL_RCCEx_PeriphCLKConfig(&PeriphClkInitStruct) != HAL_OK)
 356              		.loc 1 178 46 is_stmt 0 view .LVU81
 357 0030 4FF08053 		mov	r3, #268435456
 358 0034 2193     		str	r3, [sp, #132]
 179:Core/Src/stm32f7xx_hal_msp.c ****     {
 359              		.loc 1 179 5 is_stmt 1 view .LVU82
 179:Core/Src/stm32f7xx_hal_msp.c ****     {
 360              		.loc 1 179 9 is_stmt 0 view .LVU83
 361 0036 03A8     		add	r0, sp, #12
 362 0038 FFF7FEFF 		bl	HAL_RCCEx_PeriphCLKConfig
 363              	.LVL19:
 179:Core/Src/stm32f7xx_hal_msp.c ****     {
 364              		.loc 1 179 8 discriminator 1 view .LVU84
 365 003c 0028     		cmp	r0, #0
 366 003e 39D1     		bne	.L27
 367              	.L24:
 185:Core/Src/stm32f7xx_hal_msp.c **** 
 368              		.loc 1 185 5 is_stmt 1 view .LVU85
 369              	.LBB6:
 185:Core/Src/stm32f7xx_hal_msp.c **** 
 370              		.loc 1 185 5 view .LVU86
 185:Core/Src/stm32f7xx_hal_msp.c **** 
 371              		.loc 1 185 5 view .LVU87
 372 0040 1F4B     		ldr	r3, .L28+4
 373 0042 5A6C     		ldr	r2, [r3, #68]
 374 0044 42F40062 		orr	r2, r2, #2048
ARM GAS  C:\Users\ALEXMI~1\AppData\Local\Temp\ccZANXiz.s 			page 12


 375 0048 5A64     		str	r2, [r3, #68]
 185:Core/Src/stm32f7xx_hal_msp.c **** 
 376              		.loc 1 185 5 view .LVU88
 377 004a 5A6C     		ldr	r2, [r3, #68]
 378 004c 02F40062 		and	r2, r2, #2048
 379 0050 0092     		str	r2, [sp]
 185:Core/Src/stm32f7xx_hal_msp.c **** 
 380              		.loc 1 185 5 view .LVU89
 381 0052 009A     		ldr	r2, [sp]
 382              	.LBE6:
 185:Core/Src/stm32f7xx_hal_msp.c **** 
 383              		.loc 1 185 5 view .LVU90
 187:Core/Src/stm32f7xx_hal_msp.c ****     __HAL_RCC_GPIOD_CLK_ENABLE();
 384              		.loc 1 187 5 view .LVU91
 385              	.LBB7:
 187:Core/Src/stm32f7xx_hal_msp.c ****     __HAL_RCC_GPIOD_CLK_ENABLE();
 386              		.loc 1 187 5 view .LVU92
 187:Core/Src/stm32f7xx_hal_msp.c ****     __HAL_RCC_GPIOD_CLK_ENABLE();
 387              		.loc 1 187 5 view .LVU93
 388 0054 1A6B     		ldr	r2, [r3, #48]
 389 0056 42F00402 		orr	r2, r2, #4
 390 005a 1A63     		str	r2, [r3, #48]
 187:Core/Src/stm32f7xx_hal_msp.c ****     __HAL_RCC_GPIOD_CLK_ENABLE();
 391              		.loc 1 187 5 view .LVU94
 392 005c 1A6B     		ldr	r2, [r3, #48]
 393 005e 02F00402 		and	r2, r2, #4
 394 0062 0192     		str	r2, [sp, #4]
 187:Core/Src/stm32f7xx_hal_msp.c ****     __HAL_RCC_GPIOD_CLK_ENABLE();
 395              		.loc 1 187 5 view .LVU95
 396 0064 019A     		ldr	r2, [sp, #4]
 397              	.LBE7:
 187:Core/Src/stm32f7xx_hal_msp.c ****     __HAL_RCC_GPIOD_CLK_ENABLE();
 398              		.loc 1 187 5 view .LVU96
 188:Core/Src/stm32f7xx_hal_msp.c ****     /**SDMMC1 GPIO Configuration
 399              		.loc 1 188 5 view .LVU97
 400              	.LBB8:
 188:Core/Src/stm32f7xx_hal_msp.c ****     /**SDMMC1 GPIO Configuration
 401              		.loc 1 188 5 view .LVU98
 188:Core/Src/stm32f7xx_hal_msp.c ****     /**SDMMC1 GPIO Configuration
 402              		.loc 1 188 5 view .LVU99
 403 0066 1A6B     		ldr	r2, [r3, #48]
 404 0068 42F00802 		orr	r2, r2, #8
 405 006c 1A63     		str	r2, [r3, #48]
 188:Core/Src/stm32f7xx_hal_msp.c ****     /**SDMMC1 GPIO Configuration
 406              		.loc 1 188 5 view .LVU100
 407 006e 1B6B     		ldr	r3, [r3, #48]
 408 0070 03F00803 		and	r3, r3, #8
 409 0074 0293     		str	r3, [sp, #8]
 188:Core/Src/stm32f7xx_hal_msp.c ****     /**SDMMC1 GPIO Configuration
 410              		.loc 1 188 5 view .LVU101
 411 0076 029B     		ldr	r3, [sp, #8]
 412              	.LBE8:
 188:Core/Src/stm32f7xx_hal_msp.c ****     /**SDMMC1 GPIO Configuration
 413              		.loc 1 188 5 view .LVU102
 197:Core/Src/stm32f7xx_hal_msp.c ****                           |GPIO_PIN_12;
 414              		.loc 1 197 5 view .LVU103
 197:Core/Src/stm32f7xx_hal_msp.c ****                           |GPIO_PIN_12;
ARM GAS  C:\Users\ALEXMI~1\AppData\Local\Temp\ccZANXiz.s 			page 13


 415              		.loc 1 197 25 is_stmt 0 view .LVU104
 416 0078 4FF4F853 		mov	r3, #7936
 417 007c 2393     		str	r3, [sp, #140]
 199:Core/Src/stm32f7xx_hal_msp.c ****     GPIO_InitStruct.Pull = GPIO_NOPULL;
 418              		.loc 1 199 5 is_stmt 1 view .LVU105
 199:Core/Src/stm32f7xx_hal_msp.c ****     GPIO_InitStruct.Pull = GPIO_NOPULL;
 419              		.loc 1 199 26 is_stmt 0 view .LVU106
 420 007e 4FF00208 		mov	r8, #2
 421 0082 CDF89080 		str	r8, [sp, #144]
 200:Core/Src/stm32f7xx_hal_msp.c ****     GPIO_InitStruct.Speed = GPIO_SPEED_FREQ_VERY_HIGH;
 422              		.loc 1 200 5 is_stmt 1 view .LVU107
 200:Core/Src/stm32f7xx_hal_msp.c ****     GPIO_InitStruct.Speed = GPIO_SPEED_FREQ_VERY_HIGH;
 423              		.loc 1 200 26 is_stmt 0 view .LVU108
 424 0086 0027     		movs	r7, #0
 425 0088 2597     		str	r7, [sp, #148]
 201:Core/Src/stm32f7xx_hal_msp.c ****     GPIO_InitStruct.Alternate = GPIO_AF12_SDMMC1;
 426              		.loc 1 201 5 is_stmt 1 view .LVU109
 201:Core/Src/stm32f7xx_hal_msp.c ****     GPIO_InitStruct.Alternate = GPIO_AF12_SDMMC1;
 427              		.loc 1 201 27 is_stmt 0 view .LVU110
 428 008a 0326     		movs	r6, #3
 429 008c 2696     		str	r6, [sp, #152]
 202:Core/Src/stm32f7xx_hal_msp.c ****     HAL_GPIO_Init(GPIOC, &GPIO_InitStruct);
 430              		.loc 1 202 5 is_stmt 1 view .LVU111
 202:Core/Src/stm32f7xx_hal_msp.c ****     HAL_GPIO_Init(GPIOC, &GPIO_InitStruct);
 431              		.loc 1 202 31 is_stmt 0 view .LVU112
 432 008e 0C25     		movs	r5, #12
 433 0090 2795     		str	r5, [sp, #156]
 203:Core/Src/stm32f7xx_hal_msp.c **** 
 434              		.loc 1 203 5 is_stmt 1 view .LVU113
 435 0092 23AC     		add	r4, sp, #140
 436              	.LVL20:
 203:Core/Src/stm32f7xx_hal_msp.c **** 
 437              		.loc 1 203 5 is_stmt 0 view .LVU114
 438 0094 2146     		mov	r1, r4
 439 0096 0B48     		ldr	r0, .L28+8
 440 0098 FFF7FEFF 		bl	HAL_GPIO_Init
 441              	.LVL21:
 205:Core/Src/stm32f7xx_hal_msp.c ****     GPIO_InitStruct.Mode = GPIO_MODE_AF_PP;
 442              		.loc 1 205 5 is_stmt 1 view .LVU115
 205:Core/Src/stm32f7xx_hal_msp.c ****     GPIO_InitStruct.Mode = GPIO_MODE_AF_PP;
 443              		.loc 1 205 25 is_stmt 0 view .LVU116
 444 009c 0423     		movs	r3, #4
 445 009e 2393     		str	r3, [sp, #140]
 206:Core/Src/stm32f7xx_hal_msp.c ****     GPIO_InitStruct.Pull = GPIO_NOPULL;
 446              		.loc 1 206 5 is_stmt 1 view .LVU117
 206:Core/Src/stm32f7xx_hal_msp.c ****     GPIO_InitStruct.Pull = GPIO_NOPULL;
 447              		.loc 1 206 26 is_stmt 0 view .LVU118
 448 00a0 CDF89080 		str	r8, [sp, #144]
 207:Core/Src/stm32f7xx_hal_msp.c ****     GPIO_InitStruct.Speed = GPIO_SPEED_FREQ_VERY_HIGH;
 449              		.loc 1 207 5 is_stmt 1 view .LVU119
 207:Core/Src/stm32f7xx_hal_msp.c ****     GPIO_InitStruct.Speed = GPIO_SPEED_FREQ_VERY_HIGH;
 450              		.loc 1 207 26 is_stmt 0 view .LVU120
 451 00a4 2597     		str	r7, [sp, #148]
 208:Core/Src/stm32f7xx_hal_msp.c ****     GPIO_InitStruct.Alternate = GPIO_AF12_SDMMC1;
 452              		.loc 1 208 5 is_stmt 1 view .LVU121
 208:Core/Src/stm32f7xx_hal_msp.c ****     GPIO_InitStruct.Alternate = GPIO_AF12_SDMMC1;
 453              		.loc 1 208 27 is_stmt 0 view .LVU122
ARM GAS  C:\Users\ALEXMI~1\AppData\Local\Temp\ccZANXiz.s 			page 14


 454 00a6 2696     		str	r6, [sp, #152]
 209:Core/Src/stm32f7xx_hal_msp.c ****     HAL_GPIO_Init(GPIOD, &GPIO_InitStruct);
 455              		.loc 1 209 5 is_stmt 1 view .LVU123
 209:Core/Src/stm32f7xx_hal_msp.c ****     HAL_GPIO_Init(GPIOD, &GPIO_InitStruct);
 456              		.loc 1 209 31 is_stmt 0 view .LVU124
 457 00a8 2795     		str	r5, [sp, #156]
 210:Core/Src/stm32f7xx_hal_msp.c **** 
 458              		.loc 1 210 5 is_stmt 1 view .LVU125
 459 00aa 2146     		mov	r1, r4
 460 00ac 0648     		ldr	r0, .L28+12
 461 00ae FFF7FEFF 		bl	HAL_GPIO_Init
 462              	.LVL22:
 463              		.loc 1 218 1 is_stmt 0 view .LVU126
 464 00b2 B7E7     		b	.L22
 465              	.LVL23:
 466              	.L27:
 181:Core/Src/stm32f7xx_hal_msp.c ****     }
 467              		.loc 1 181 7 is_stmt 1 view .LVU127
 468 00b4 FFF7FEFF 		bl	Error_Handler
 469              	.LVL24:
 470 00b8 C2E7     		b	.L24
 471              	.L29:
 472 00ba 00BF     		.align	2
 473              	.L28:
 474 00bc 002C0140 		.word	1073818624
 475 00c0 00380240 		.word	1073887232
 476 00c4 00080240 		.word	1073874944
 477 00c8 000C0240 		.word	1073875968
 478              		.cfi_endproc
 479              	.LFE144:
 481              		.section	.text.HAL_SD_MspDeInit,"ax",%progbits
 482              		.align	1
 483              		.global	HAL_SD_MspDeInit
 484              		.syntax unified
 485              		.thumb
 486              		.thumb_func
 488              	HAL_SD_MspDeInit:
 489              	.LVL25:
 490              	.LFB145:
 219:Core/Src/stm32f7xx_hal_msp.c **** 
 220:Core/Src/stm32f7xx_hal_msp.c **** /**
 221:Core/Src/stm32f7xx_hal_msp.c ****   * @brief SD MSP De-Initialization
 222:Core/Src/stm32f7xx_hal_msp.c ****   * This function freeze the hardware resources used in this example
 223:Core/Src/stm32f7xx_hal_msp.c ****   * @param hsd: SD handle pointer
 224:Core/Src/stm32f7xx_hal_msp.c ****   * @retval None
 225:Core/Src/stm32f7xx_hal_msp.c ****   */
 226:Core/Src/stm32f7xx_hal_msp.c **** void HAL_SD_MspDeInit(SD_HandleTypeDef* hsd)
 227:Core/Src/stm32f7xx_hal_msp.c **** {
 491              		.loc 1 227 1 view -0
 492              		.cfi_startproc
 493              		@ args = 0, pretend = 0, frame = 0
 494              		@ frame_needed = 0, uses_anonymous_args = 0
 495              		.loc 1 227 1 is_stmt 0 view .LVU129
 496 0000 08B5     		push	{r3, lr}
 497              	.LCFI11:
 498              		.cfi_def_cfa_offset 8
 499              		.cfi_offset 3, -8
ARM GAS  C:\Users\ALEXMI~1\AppData\Local\Temp\ccZANXiz.s 			page 15


 500              		.cfi_offset 14, -4
 228:Core/Src/stm32f7xx_hal_msp.c ****   if(hsd->Instance==SDMMC1)
 501              		.loc 1 228 3 is_stmt 1 view .LVU130
 502              		.loc 1 228 9 is_stmt 0 view .LVU131
 503 0002 0268     		ldr	r2, [r0]
 504              		.loc 1 228 5 view .LVU132
 505 0004 094B     		ldr	r3, .L34
 506 0006 9A42     		cmp	r2, r3
 507 0008 00D0     		beq	.L33
 508              	.LVL26:
 509              	.L30:
 229:Core/Src/stm32f7xx_hal_msp.c ****   {
 230:Core/Src/stm32f7xx_hal_msp.c ****     /* USER CODE BEGIN SDMMC1_MspDeInit 0 */
 231:Core/Src/stm32f7xx_hal_msp.c **** 
 232:Core/Src/stm32f7xx_hal_msp.c ****     /* USER CODE END SDMMC1_MspDeInit 0 */
 233:Core/Src/stm32f7xx_hal_msp.c ****     /* Peripheral clock disable */
 234:Core/Src/stm32f7xx_hal_msp.c ****     __HAL_RCC_SDMMC1_CLK_DISABLE();
 235:Core/Src/stm32f7xx_hal_msp.c **** 
 236:Core/Src/stm32f7xx_hal_msp.c ****     /**SDMMC1 GPIO Configuration
 237:Core/Src/stm32f7xx_hal_msp.c ****     PC8     ------> SDMMC1_D0
 238:Core/Src/stm32f7xx_hal_msp.c ****     PC9     ------> SDMMC1_D1
 239:Core/Src/stm32f7xx_hal_msp.c ****     PC10     ------> SDMMC1_D2
 240:Core/Src/stm32f7xx_hal_msp.c ****     PC11     ------> SDMMC1_D3
 241:Core/Src/stm32f7xx_hal_msp.c ****     PC12     ------> SDMMC1_CK
 242:Core/Src/stm32f7xx_hal_msp.c ****     PD2     ------> SDMMC1_CMD
 243:Core/Src/stm32f7xx_hal_msp.c ****     */
 244:Core/Src/stm32f7xx_hal_msp.c ****     HAL_GPIO_DeInit(GPIOC, GPIO_PIN_8|GPIO_PIN_9|GPIO_PIN_10|GPIO_PIN_11
 245:Core/Src/stm32f7xx_hal_msp.c ****                           |GPIO_PIN_12);
 246:Core/Src/stm32f7xx_hal_msp.c **** 
 247:Core/Src/stm32f7xx_hal_msp.c ****     HAL_GPIO_DeInit(GPIOD, GPIO_PIN_2);
 248:Core/Src/stm32f7xx_hal_msp.c **** 
 249:Core/Src/stm32f7xx_hal_msp.c ****     /* USER CODE BEGIN SDMMC1_MspDeInit 1 */
 250:Core/Src/stm32f7xx_hal_msp.c **** 
 251:Core/Src/stm32f7xx_hal_msp.c ****     /* USER CODE END SDMMC1_MspDeInit 1 */
 252:Core/Src/stm32f7xx_hal_msp.c ****   }
 253:Core/Src/stm32f7xx_hal_msp.c **** 
 254:Core/Src/stm32f7xx_hal_msp.c **** }
 510              		.loc 1 254 1 view .LVU133
 511 000a 08BD     		pop	{r3, pc}
 512              	.LVL27:
 513              	.L33:
 234:Core/Src/stm32f7xx_hal_msp.c **** 
 514              		.loc 1 234 5 is_stmt 1 view .LVU134
 515 000c 084A     		ldr	r2, .L34+4
 516 000e 536C     		ldr	r3, [r2, #68]
 517 0010 23F40063 		bic	r3, r3, #2048
 518 0014 5364     		str	r3, [r2, #68]
 244:Core/Src/stm32f7xx_hal_msp.c ****                           |GPIO_PIN_12);
 519              		.loc 1 244 5 view .LVU135
 520 0016 4FF4F851 		mov	r1, #7936
 521 001a 0648     		ldr	r0, .L34+8
 522              	.LVL28:
 244:Core/Src/stm32f7xx_hal_msp.c ****                           |GPIO_PIN_12);
 523              		.loc 1 244 5 is_stmt 0 view .LVU136
 524 001c FFF7FEFF 		bl	HAL_GPIO_DeInit
 525              	.LVL29:
 247:Core/Src/stm32f7xx_hal_msp.c **** 
ARM GAS  C:\Users\ALEXMI~1\AppData\Local\Temp\ccZANXiz.s 			page 16


 526              		.loc 1 247 5 is_stmt 1 view .LVU137
 527 0020 0421     		movs	r1, #4
 528 0022 0548     		ldr	r0, .L34+12
 529 0024 FFF7FEFF 		bl	HAL_GPIO_DeInit
 530              	.LVL30:
 531              		.loc 1 254 1 is_stmt 0 view .LVU138
 532 0028 EFE7     		b	.L30
 533              	.L35:
 534 002a 00BF     		.align	2
 535              	.L34:
 536 002c 002C0140 		.word	1073818624
 537 0030 00380240 		.word	1073887232
 538 0034 00080240 		.word	1073874944
 539 0038 000C0240 		.word	1073875968
 540              		.cfi_endproc
 541              	.LFE145:
 543              		.section	.text.HAL_SPI_MspInit,"ax",%progbits
 544              		.align	1
 545              		.global	HAL_SPI_MspInit
 546              		.syntax unified
 547              		.thumb
 548              		.thumb_func
 550              	HAL_SPI_MspInit:
 551              	.LVL31:
 552              	.LFB146:
 255:Core/Src/stm32f7xx_hal_msp.c **** 
 256:Core/Src/stm32f7xx_hal_msp.c **** /**
 257:Core/Src/stm32f7xx_hal_msp.c ****   * @brief SPI MSP Initialization
 258:Core/Src/stm32f7xx_hal_msp.c ****   * This function configures the hardware resources used in this example
 259:Core/Src/stm32f7xx_hal_msp.c ****   * @param hspi: SPI handle pointer
 260:Core/Src/stm32f7xx_hal_msp.c ****   * @retval None
 261:Core/Src/stm32f7xx_hal_msp.c ****   */
 262:Core/Src/stm32f7xx_hal_msp.c **** void HAL_SPI_MspInit(SPI_HandleTypeDef* hspi)
 263:Core/Src/stm32f7xx_hal_msp.c **** {
 553              		.loc 1 263 1 is_stmt 1 view -0
 554              		.cfi_startproc
 555              		@ args = 0, pretend = 0, frame = 32
 556              		@ frame_needed = 0, uses_anonymous_args = 0
 557              		.loc 1 263 1 is_stmt 0 view .LVU140
 558 0000 00B5     		push	{lr}
 559              	.LCFI12:
 560              		.cfi_def_cfa_offset 4
 561              		.cfi_offset 14, -4
 562 0002 89B0     		sub	sp, sp, #36
 563              	.LCFI13:
 564              		.cfi_def_cfa_offset 40
 264:Core/Src/stm32f7xx_hal_msp.c ****   GPIO_InitTypeDef GPIO_InitStruct = {0};
 565              		.loc 1 264 3 is_stmt 1 view .LVU141
 566              		.loc 1 264 20 is_stmt 0 view .LVU142
 567 0004 0023     		movs	r3, #0
 568 0006 0393     		str	r3, [sp, #12]
 569 0008 0493     		str	r3, [sp, #16]
 570 000a 0593     		str	r3, [sp, #20]
 571 000c 0693     		str	r3, [sp, #24]
 572 000e 0793     		str	r3, [sp, #28]
 265:Core/Src/stm32f7xx_hal_msp.c ****   if(hspi->Instance==SPI1)
 573              		.loc 1 265 3 is_stmt 1 view .LVU143
ARM GAS  C:\Users\ALEXMI~1\AppData\Local\Temp\ccZANXiz.s 			page 17


 574              		.loc 1 265 10 is_stmt 0 view .LVU144
 575 0010 0268     		ldr	r2, [r0]
 576              		.loc 1 265 5 view .LVU145
 577 0012 134B     		ldr	r3, .L40
 578 0014 9A42     		cmp	r2, r3
 579 0016 02D0     		beq	.L39
 580              	.LVL32:
 581              	.L36:
 266:Core/Src/stm32f7xx_hal_msp.c ****   {
 267:Core/Src/stm32f7xx_hal_msp.c ****     /* USER CODE BEGIN SPI1_MspInit 0 */
 268:Core/Src/stm32f7xx_hal_msp.c **** 
 269:Core/Src/stm32f7xx_hal_msp.c ****     /* USER CODE END SPI1_MspInit 0 */
 270:Core/Src/stm32f7xx_hal_msp.c ****     /* Peripheral clock enable */
 271:Core/Src/stm32f7xx_hal_msp.c ****     __HAL_RCC_SPI1_CLK_ENABLE();
 272:Core/Src/stm32f7xx_hal_msp.c **** 
 273:Core/Src/stm32f7xx_hal_msp.c ****     __HAL_RCC_GPIOA_CLK_ENABLE();
 274:Core/Src/stm32f7xx_hal_msp.c ****     /**SPI1 GPIO Configuration
 275:Core/Src/stm32f7xx_hal_msp.c ****     PA5     ------> SPI1_SCK
 276:Core/Src/stm32f7xx_hal_msp.c ****     PA6     ------> SPI1_MISO
 277:Core/Src/stm32f7xx_hal_msp.c ****     PA7     ------> SPI1_MOSI
 278:Core/Src/stm32f7xx_hal_msp.c ****     */
 279:Core/Src/stm32f7xx_hal_msp.c ****     GPIO_InitStruct.Pin = GPIO_PIN_5|GPIO_PIN_6|GPIO_PIN_7;
 280:Core/Src/stm32f7xx_hal_msp.c ****     GPIO_InitStruct.Mode = GPIO_MODE_AF_PP;
 281:Core/Src/stm32f7xx_hal_msp.c ****     GPIO_InitStruct.Pull = GPIO_NOPULL;
 282:Core/Src/stm32f7xx_hal_msp.c ****     GPIO_InitStruct.Speed = GPIO_SPEED_FREQ_VERY_HIGH;
 283:Core/Src/stm32f7xx_hal_msp.c ****     GPIO_InitStruct.Alternate = GPIO_AF5_SPI1;
 284:Core/Src/stm32f7xx_hal_msp.c ****     HAL_GPIO_Init(GPIOA, &GPIO_InitStruct);
 285:Core/Src/stm32f7xx_hal_msp.c **** 
 286:Core/Src/stm32f7xx_hal_msp.c ****     /* USER CODE BEGIN SPI1_MspInit 1 */
 287:Core/Src/stm32f7xx_hal_msp.c **** 
 288:Core/Src/stm32f7xx_hal_msp.c ****     /* USER CODE END SPI1_MspInit 1 */
 289:Core/Src/stm32f7xx_hal_msp.c **** 
 290:Core/Src/stm32f7xx_hal_msp.c ****   }
 291:Core/Src/stm32f7xx_hal_msp.c **** 
 292:Core/Src/stm32f7xx_hal_msp.c **** }
 582              		.loc 1 292 1 view .LVU146
 583 0018 09B0     		add	sp, sp, #36
 584              	.LCFI14:
 585              		.cfi_remember_state
 586              		.cfi_def_cfa_offset 4
 587              		@ sp needed
 588 001a 5DF804FB 		ldr	pc, [sp], #4
 589              	.LVL33:
 590              	.L39:
 591              	.LCFI15:
 592              		.cfi_restore_state
 271:Core/Src/stm32f7xx_hal_msp.c **** 
 593              		.loc 1 271 5 is_stmt 1 view .LVU147
 594              	.LBB9:
 271:Core/Src/stm32f7xx_hal_msp.c **** 
 595              		.loc 1 271 5 view .LVU148
 271:Core/Src/stm32f7xx_hal_msp.c **** 
 596              		.loc 1 271 5 view .LVU149
 597 001e 03F58433 		add	r3, r3, #67584
 598 0022 5A6C     		ldr	r2, [r3, #68]
 599 0024 42F48052 		orr	r2, r2, #4096
 600 0028 5A64     		str	r2, [r3, #68]
ARM GAS  C:\Users\ALEXMI~1\AppData\Local\Temp\ccZANXiz.s 			page 18


 271:Core/Src/stm32f7xx_hal_msp.c **** 
 601              		.loc 1 271 5 view .LVU150
 602 002a 5A6C     		ldr	r2, [r3, #68]
 603 002c 02F48052 		and	r2, r2, #4096
 604 0030 0192     		str	r2, [sp, #4]
 271:Core/Src/stm32f7xx_hal_msp.c **** 
 605              		.loc 1 271 5 view .LVU151
 606 0032 019A     		ldr	r2, [sp, #4]
 607              	.LBE9:
 271:Core/Src/stm32f7xx_hal_msp.c **** 
 608              		.loc 1 271 5 view .LVU152
 273:Core/Src/stm32f7xx_hal_msp.c ****     /**SPI1 GPIO Configuration
 609              		.loc 1 273 5 view .LVU153
 610              	.LBB10:
 273:Core/Src/stm32f7xx_hal_msp.c ****     /**SPI1 GPIO Configuration
 611              		.loc 1 273 5 view .LVU154
 273:Core/Src/stm32f7xx_hal_msp.c ****     /**SPI1 GPIO Configuration
 612              		.loc 1 273 5 view .LVU155
 613 0034 1A6B     		ldr	r2, [r3, #48]
 614 0036 42F00102 		orr	r2, r2, #1
 615 003a 1A63     		str	r2, [r3, #48]
 273:Core/Src/stm32f7xx_hal_msp.c ****     /**SPI1 GPIO Configuration
 616              		.loc 1 273 5 view .LVU156
 617 003c 1B6B     		ldr	r3, [r3, #48]
 618 003e 03F00103 		and	r3, r3, #1
 619 0042 0293     		str	r3, [sp, #8]
 273:Core/Src/stm32f7xx_hal_msp.c ****     /**SPI1 GPIO Configuration
 620              		.loc 1 273 5 view .LVU157
 621 0044 029B     		ldr	r3, [sp, #8]
 622              	.LBE10:
 273:Core/Src/stm32f7xx_hal_msp.c ****     /**SPI1 GPIO Configuration
 623              		.loc 1 273 5 view .LVU158
 279:Core/Src/stm32f7xx_hal_msp.c ****     GPIO_InitStruct.Mode = GPIO_MODE_AF_PP;
 624              		.loc 1 279 5 view .LVU159
 279:Core/Src/stm32f7xx_hal_msp.c ****     GPIO_InitStruct.Mode = GPIO_MODE_AF_PP;
 625              		.loc 1 279 25 is_stmt 0 view .LVU160
 626 0046 E023     		movs	r3, #224
 627 0048 0393     		str	r3, [sp, #12]
 280:Core/Src/stm32f7xx_hal_msp.c ****     GPIO_InitStruct.Pull = GPIO_NOPULL;
 628              		.loc 1 280 5 is_stmt 1 view .LVU161
 280:Core/Src/stm32f7xx_hal_msp.c ****     GPIO_InitStruct.Pull = GPIO_NOPULL;
 629              		.loc 1 280 26 is_stmt 0 view .LVU162
 630 004a 0223     		movs	r3, #2
 631 004c 0493     		str	r3, [sp, #16]
 281:Core/Src/stm32f7xx_hal_msp.c ****     GPIO_InitStruct.Speed = GPIO_SPEED_FREQ_VERY_HIGH;
 632              		.loc 1 281 5 is_stmt 1 view .LVU163
 282:Core/Src/stm32f7xx_hal_msp.c ****     GPIO_InitStruct.Alternate = GPIO_AF5_SPI1;
 633              		.loc 1 282 5 view .LVU164
 282:Core/Src/stm32f7xx_hal_msp.c ****     GPIO_InitStruct.Alternate = GPIO_AF5_SPI1;
 634              		.loc 1 282 27 is_stmt 0 view .LVU165
 635 004e 0323     		movs	r3, #3
 636 0050 0693     		str	r3, [sp, #24]
 283:Core/Src/stm32f7xx_hal_msp.c ****     HAL_GPIO_Init(GPIOA, &GPIO_InitStruct);
 637              		.loc 1 283 5 is_stmt 1 view .LVU166
 283:Core/Src/stm32f7xx_hal_msp.c ****     HAL_GPIO_Init(GPIOA, &GPIO_InitStruct);
 638              		.loc 1 283 31 is_stmt 0 view .LVU167
 639 0052 0523     		movs	r3, #5
ARM GAS  C:\Users\ALEXMI~1\AppData\Local\Temp\ccZANXiz.s 			page 19


 640 0054 0793     		str	r3, [sp, #28]
 284:Core/Src/stm32f7xx_hal_msp.c **** 
 641              		.loc 1 284 5 is_stmt 1 view .LVU168
 642 0056 03A9     		add	r1, sp, #12
 643 0058 0248     		ldr	r0, .L40+4
 644              	.LVL34:
 284:Core/Src/stm32f7xx_hal_msp.c **** 
 645              		.loc 1 284 5 is_stmt 0 view .LVU169
 646 005a FFF7FEFF 		bl	HAL_GPIO_Init
 647              	.LVL35:
 648              		.loc 1 292 1 view .LVU170
 649 005e DBE7     		b	.L36
 650              	.L41:
 651              		.align	2
 652              	.L40:
 653 0060 00300140 		.word	1073819648
 654 0064 00000240 		.word	1073872896
 655              		.cfi_endproc
 656              	.LFE146:
 658              		.section	.text.HAL_SPI_MspDeInit,"ax",%progbits
 659              		.align	1
 660              		.global	HAL_SPI_MspDeInit
 661              		.syntax unified
 662              		.thumb
 663              		.thumb_func
 665              	HAL_SPI_MspDeInit:
 666              	.LVL36:
 667              	.LFB147:
 293:Core/Src/stm32f7xx_hal_msp.c **** 
 294:Core/Src/stm32f7xx_hal_msp.c **** /**
 295:Core/Src/stm32f7xx_hal_msp.c ****   * @brief SPI MSP De-Initialization
 296:Core/Src/stm32f7xx_hal_msp.c ****   * This function freeze the hardware resources used in this example
 297:Core/Src/stm32f7xx_hal_msp.c ****   * @param hspi: SPI handle pointer
 298:Core/Src/stm32f7xx_hal_msp.c ****   * @retval None
 299:Core/Src/stm32f7xx_hal_msp.c ****   */
 300:Core/Src/stm32f7xx_hal_msp.c **** void HAL_SPI_MspDeInit(SPI_HandleTypeDef* hspi)
 301:Core/Src/stm32f7xx_hal_msp.c **** {
 668              		.loc 1 301 1 is_stmt 1 view -0
 669              		.cfi_startproc
 670              		@ args = 0, pretend = 0, frame = 0
 671              		@ frame_needed = 0, uses_anonymous_args = 0
 672              		.loc 1 301 1 is_stmt 0 view .LVU172
 673 0000 08B5     		push	{r3, lr}
 674              	.LCFI16:
 675              		.cfi_def_cfa_offset 8
 676              		.cfi_offset 3, -8
 677              		.cfi_offset 14, -4
 302:Core/Src/stm32f7xx_hal_msp.c ****   if(hspi->Instance==SPI1)
 678              		.loc 1 302 3 is_stmt 1 view .LVU173
 679              		.loc 1 302 10 is_stmt 0 view .LVU174
 680 0002 0268     		ldr	r2, [r0]
 681              		.loc 1 302 5 view .LVU175
 682 0004 064B     		ldr	r3, .L46
 683 0006 9A42     		cmp	r2, r3
 684 0008 00D0     		beq	.L45
 685              	.LVL37:
 686              	.L42:
ARM GAS  C:\Users\ALEXMI~1\AppData\Local\Temp\ccZANXiz.s 			page 20


 303:Core/Src/stm32f7xx_hal_msp.c ****   {
 304:Core/Src/stm32f7xx_hal_msp.c ****     /* USER CODE BEGIN SPI1_MspDeInit 0 */
 305:Core/Src/stm32f7xx_hal_msp.c **** 
 306:Core/Src/stm32f7xx_hal_msp.c ****     /* USER CODE END SPI1_MspDeInit 0 */
 307:Core/Src/stm32f7xx_hal_msp.c ****     /* Peripheral clock disable */
 308:Core/Src/stm32f7xx_hal_msp.c ****     __HAL_RCC_SPI1_CLK_DISABLE();
 309:Core/Src/stm32f7xx_hal_msp.c **** 
 310:Core/Src/stm32f7xx_hal_msp.c ****     /**SPI1 GPIO Configuration
 311:Core/Src/stm32f7xx_hal_msp.c ****     PA5     ------> SPI1_SCK
 312:Core/Src/stm32f7xx_hal_msp.c ****     PA6     ------> SPI1_MISO
 313:Core/Src/stm32f7xx_hal_msp.c ****     PA7     ------> SPI1_MOSI
 314:Core/Src/stm32f7xx_hal_msp.c ****     */
 315:Core/Src/stm32f7xx_hal_msp.c ****     HAL_GPIO_DeInit(GPIOA, GPIO_PIN_5|GPIO_PIN_6|GPIO_PIN_7);
 316:Core/Src/stm32f7xx_hal_msp.c **** 
 317:Core/Src/stm32f7xx_hal_msp.c ****     /* USER CODE BEGIN SPI1_MspDeInit 1 */
 318:Core/Src/stm32f7xx_hal_msp.c **** 
 319:Core/Src/stm32f7xx_hal_msp.c ****     /* USER CODE END SPI1_MspDeInit 1 */
 320:Core/Src/stm32f7xx_hal_msp.c ****   }
 321:Core/Src/stm32f7xx_hal_msp.c **** 
 322:Core/Src/stm32f7xx_hal_msp.c **** }
 687              		.loc 1 322 1 view .LVU176
 688 000a 08BD     		pop	{r3, pc}
 689              	.LVL38:
 690              	.L45:
 308:Core/Src/stm32f7xx_hal_msp.c **** 
 691              		.loc 1 308 5 is_stmt 1 view .LVU177
 692 000c 054A     		ldr	r2, .L46+4
 693 000e 536C     		ldr	r3, [r2, #68]
 694 0010 23F48053 		bic	r3, r3, #4096
 695 0014 5364     		str	r3, [r2, #68]
 315:Core/Src/stm32f7xx_hal_msp.c **** 
 696              		.loc 1 315 5 view .LVU178
 697 0016 E021     		movs	r1, #224
 698 0018 0348     		ldr	r0, .L46+8
 699              	.LVL39:
 315:Core/Src/stm32f7xx_hal_msp.c **** 
 700              		.loc 1 315 5 is_stmt 0 view .LVU179
 701 001a FFF7FEFF 		bl	HAL_GPIO_DeInit
 702              	.LVL40:
 703              		.loc 1 322 1 view .LVU180
 704 001e F4E7     		b	.L42
 705              	.L47:
 706              		.align	2
 707              	.L46:
 708 0020 00300140 		.word	1073819648
 709 0024 00380240 		.word	1073887232
 710 0028 00000240 		.word	1073872896
 711              		.cfi_endproc
 712              	.LFE147:
 714              		.section	.text.HAL_TIM_Base_MspInit,"ax",%progbits
 715              		.align	1
 716              		.global	HAL_TIM_Base_MspInit
 717              		.syntax unified
 718              		.thumb
 719              		.thumb_func
 721              	HAL_TIM_Base_MspInit:
 722              	.LVL41:
ARM GAS  C:\Users\ALEXMI~1\AppData\Local\Temp\ccZANXiz.s 			page 21


 723              	.LFB148:
 323:Core/Src/stm32f7xx_hal_msp.c **** 
 324:Core/Src/stm32f7xx_hal_msp.c **** /**
 325:Core/Src/stm32f7xx_hal_msp.c ****   * @brief TIM_Base MSP Initialization
 326:Core/Src/stm32f7xx_hal_msp.c ****   * This function configures the hardware resources used in this example
 327:Core/Src/stm32f7xx_hal_msp.c ****   * @param htim_base: TIM_Base handle pointer
 328:Core/Src/stm32f7xx_hal_msp.c ****   * @retval None
 329:Core/Src/stm32f7xx_hal_msp.c ****   */
 330:Core/Src/stm32f7xx_hal_msp.c **** void HAL_TIM_Base_MspInit(TIM_HandleTypeDef* htim_base)
 331:Core/Src/stm32f7xx_hal_msp.c **** {
 724              		.loc 1 331 1 is_stmt 1 view -0
 725              		.cfi_startproc
 726              		@ args = 0, pretend = 0, frame = 8
 727              		@ frame_needed = 0, uses_anonymous_args = 0
 728              		@ link register save eliminated.
 332:Core/Src/stm32f7xx_hal_msp.c ****   if(htim_base->Instance==TIM2)
 729              		.loc 1 332 3 view .LVU182
 730              		.loc 1 332 15 is_stmt 0 view .LVU183
 731 0000 0368     		ldr	r3, [r0]
 732              		.loc 1 332 5 view .LVU184
 733 0002 B3F1804F 		cmp	r3, #1073741824
 734 0006 00D0     		beq	.L54
 735 0008 7047     		bx	lr
 736              	.L54:
 331:Core/Src/stm32f7xx_hal_msp.c ****   if(htim_base->Instance==TIM2)
 737              		.loc 1 331 1 view .LVU185
 738 000a 82B0     		sub	sp, sp, #8
 739              	.LCFI17:
 740              		.cfi_def_cfa_offset 8
 333:Core/Src/stm32f7xx_hal_msp.c ****   {
 334:Core/Src/stm32f7xx_hal_msp.c ****     /* USER CODE BEGIN TIM2_MspInit 0 */
 335:Core/Src/stm32f7xx_hal_msp.c **** 
 336:Core/Src/stm32f7xx_hal_msp.c ****     /* USER CODE END TIM2_MspInit 0 */
 337:Core/Src/stm32f7xx_hal_msp.c ****     /* Peripheral clock enable */
 338:Core/Src/stm32f7xx_hal_msp.c ****     __HAL_RCC_TIM2_CLK_ENABLE();
 741              		.loc 1 338 5 is_stmt 1 view .LVU186
 742              	.LBB11:
 743              		.loc 1 338 5 view .LVU187
 744              		.loc 1 338 5 view .LVU188
 745 000c 03F50E33 		add	r3, r3, #145408
 746 0010 1A6C     		ldr	r2, [r3, #64]
 747 0012 42F00102 		orr	r2, r2, #1
 748 0016 1A64     		str	r2, [r3, #64]
 749              		.loc 1 338 5 view .LVU189
 750 0018 1B6C     		ldr	r3, [r3, #64]
 751 001a 03F00103 		and	r3, r3, #1
 752 001e 0193     		str	r3, [sp, #4]
 753              		.loc 1 338 5 view .LVU190
 754 0020 019B     		ldr	r3, [sp, #4]
 755              	.LBE11:
 756              		.loc 1 338 5 discriminator 1 view .LVU191
 339:Core/Src/stm32f7xx_hal_msp.c ****     /* USER CODE BEGIN TIM2_MspInit 1 */
 340:Core/Src/stm32f7xx_hal_msp.c **** 
 341:Core/Src/stm32f7xx_hal_msp.c ****     /* USER CODE END TIM2_MspInit 1 */
 342:Core/Src/stm32f7xx_hal_msp.c **** 
 343:Core/Src/stm32f7xx_hal_msp.c ****   }
 344:Core/Src/stm32f7xx_hal_msp.c **** 
ARM GAS  C:\Users\ALEXMI~1\AppData\Local\Temp\ccZANXiz.s 			page 22


 345:Core/Src/stm32f7xx_hal_msp.c **** }
 757              		.loc 1 345 1 is_stmt 0 view .LVU192
 758 0022 02B0     		add	sp, sp, #8
 759              	.LCFI18:
 760              		.cfi_def_cfa_offset 0
 761              		@ sp needed
 762 0024 7047     		bx	lr
 763              		.cfi_endproc
 764              	.LFE148:
 766              		.section	.text.HAL_TIM_MspPostInit,"ax",%progbits
 767              		.align	1
 768              		.global	HAL_TIM_MspPostInit
 769              		.syntax unified
 770              		.thumb
 771              		.thumb_func
 773              	HAL_TIM_MspPostInit:
 774              	.LVL42:
 775              	.LFB149:
 346:Core/Src/stm32f7xx_hal_msp.c **** 
 347:Core/Src/stm32f7xx_hal_msp.c **** void HAL_TIM_MspPostInit(TIM_HandleTypeDef* htim)
 348:Core/Src/stm32f7xx_hal_msp.c **** {
 776              		.loc 1 348 1 is_stmt 1 view -0
 777              		.cfi_startproc
 778              		@ args = 0, pretend = 0, frame = 24
 779              		@ frame_needed = 0, uses_anonymous_args = 0
 780              		.loc 1 348 1 is_stmt 0 view .LVU194
 781 0000 00B5     		push	{lr}
 782              	.LCFI19:
 783              		.cfi_def_cfa_offset 4
 784              		.cfi_offset 14, -4
 785 0002 87B0     		sub	sp, sp, #28
 786              	.LCFI20:
 787              		.cfi_def_cfa_offset 32
 349:Core/Src/stm32f7xx_hal_msp.c ****   GPIO_InitTypeDef GPIO_InitStruct = {0};
 788              		.loc 1 349 3 is_stmt 1 view .LVU195
 789              		.loc 1 349 20 is_stmt 0 view .LVU196
 790 0004 0023     		movs	r3, #0
 791 0006 0193     		str	r3, [sp, #4]
 792 0008 0293     		str	r3, [sp, #8]
 793 000a 0393     		str	r3, [sp, #12]
 794 000c 0493     		str	r3, [sp, #16]
 795 000e 0593     		str	r3, [sp, #20]
 350:Core/Src/stm32f7xx_hal_msp.c ****   if(htim->Instance==TIM2)
 796              		.loc 1 350 3 is_stmt 1 view .LVU197
 797              		.loc 1 350 10 is_stmt 0 view .LVU198
 798 0010 0368     		ldr	r3, [r0]
 799              		.loc 1 350 5 view .LVU199
 800 0012 B3F1804F 		cmp	r3, #1073741824
 801 0016 02D0     		beq	.L58
 802              	.LVL43:
 803              	.L55:
 351:Core/Src/stm32f7xx_hal_msp.c ****   {
 352:Core/Src/stm32f7xx_hal_msp.c ****     /* USER CODE BEGIN TIM2_MspPostInit 0 */
 353:Core/Src/stm32f7xx_hal_msp.c **** 
 354:Core/Src/stm32f7xx_hal_msp.c ****     /* USER CODE END TIM2_MspPostInit 0 */
 355:Core/Src/stm32f7xx_hal_msp.c **** 
 356:Core/Src/stm32f7xx_hal_msp.c ****     __HAL_RCC_GPIOA_CLK_ENABLE();
ARM GAS  C:\Users\ALEXMI~1\AppData\Local\Temp\ccZANXiz.s 			page 23


 357:Core/Src/stm32f7xx_hal_msp.c ****     /**TIM2 GPIO Configuration
 358:Core/Src/stm32f7xx_hal_msp.c ****     PA1     ------> TIM2_CH2
 359:Core/Src/stm32f7xx_hal_msp.c ****     */
 360:Core/Src/stm32f7xx_hal_msp.c ****     GPIO_InitStruct.Pin = GPIO_PIN_1;
 361:Core/Src/stm32f7xx_hal_msp.c ****     GPIO_InitStruct.Mode = GPIO_MODE_AF_PP;
 362:Core/Src/stm32f7xx_hal_msp.c ****     GPIO_InitStruct.Pull = GPIO_NOPULL;
 363:Core/Src/stm32f7xx_hal_msp.c ****     GPIO_InitStruct.Speed = GPIO_SPEED_FREQ_LOW;
 364:Core/Src/stm32f7xx_hal_msp.c ****     GPIO_InitStruct.Alternate = GPIO_AF1_TIM2;
 365:Core/Src/stm32f7xx_hal_msp.c ****     HAL_GPIO_Init(GPIOA, &GPIO_InitStruct);
 366:Core/Src/stm32f7xx_hal_msp.c **** 
 367:Core/Src/stm32f7xx_hal_msp.c ****     /* USER CODE BEGIN TIM2_MspPostInit 1 */
 368:Core/Src/stm32f7xx_hal_msp.c **** 
 369:Core/Src/stm32f7xx_hal_msp.c ****     /* USER CODE END TIM2_MspPostInit 1 */
 370:Core/Src/stm32f7xx_hal_msp.c ****   }
 371:Core/Src/stm32f7xx_hal_msp.c **** 
 372:Core/Src/stm32f7xx_hal_msp.c **** }
 804              		.loc 1 372 1 view .LVU200
 805 0018 07B0     		add	sp, sp, #28
 806              	.LCFI21:
 807              		.cfi_remember_state
 808              		.cfi_def_cfa_offset 4
 809              		@ sp needed
 810 001a 5DF804FB 		ldr	pc, [sp], #4
 811              	.LVL44:
 812              	.L58:
 813              	.LCFI22:
 814              		.cfi_restore_state
 356:Core/Src/stm32f7xx_hal_msp.c ****     /**TIM2 GPIO Configuration
 815              		.loc 1 356 5 is_stmt 1 view .LVU201
 816              	.LBB12:
 356:Core/Src/stm32f7xx_hal_msp.c ****     /**TIM2 GPIO Configuration
 817              		.loc 1 356 5 view .LVU202
 356:Core/Src/stm32f7xx_hal_msp.c ****     /**TIM2 GPIO Configuration
 818              		.loc 1 356 5 view .LVU203
 819 001e 03F50E33 		add	r3, r3, #145408
 820 0022 1A6B     		ldr	r2, [r3, #48]
 821 0024 42F00102 		orr	r2, r2, #1
 822 0028 1A63     		str	r2, [r3, #48]
 356:Core/Src/stm32f7xx_hal_msp.c ****     /**TIM2 GPIO Configuration
 823              		.loc 1 356 5 view .LVU204
 824 002a 1B6B     		ldr	r3, [r3, #48]
 825 002c 03F00103 		and	r3, r3, #1
 826 0030 0093     		str	r3, [sp]
 356:Core/Src/stm32f7xx_hal_msp.c ****     /**TIM2 GPIO Configuration
 827              		.loc 1 356 5 view .LVU205
 828 0032 009B     		ldr	r3, [sp]
 829              	.LBE12:
 356:Core/Src/stm32f7xx_hal_msp.c ****     /**TIM2 GPIO Configuration
 830              		.loc 1 356 5 view .LVU206
 360:Core/Src/stm32f7xx_hal_msp.c ****     GPIO_InitStruct.Mode = GPIO_MODE_AF_PP;
 831              		.loc 1 360 5 view .LVU207
 360:Core/Src/stm32f7xx_hal_msp.c ****     GPIO_InitStruct.Mode = GPIO_MODE_AF_PP;
 832              		.loc 1 360 25 is_stmt 0 view .LVU208
 833 0034 0223     		movs	r3, #2
 834 0036 0193     		str	r3, [sp, #4]
 361:Core/Src/stm32f7xx_hal_msp.c ****     GPIO_InitStruct.Pull = GPIO_NOPULL;
 835              		.loc 1 361 5 is_stmt 1 view .LVU209
ARM GAS  C:\Users\ALEXMI~1\AppData\Local\Temp\ccZANXiz.s 			page 24


 361:Core/Src/stm32f7xx_hal_msp.c ****     GPIO_InitStruct.Pull = GPIO_NOPULL;
 836              		.loc 1 361 26 is_stmt 0 view .LVU210
 837 0038 0293     		str	r3, [sp, #8]
 362:Core/Src/stm32f7xx_hal_msp.c ****     GPIO_InitStruct.Speed = GPIO_SPEED_FREQ_LOW;
 838              		.loc 1 362 5 is_stmt 1 view .LVU211
 363:Core/Src/stm32f7xx_hal_msp.c ****     GPIO_InitStruct.Alternate = GPIO_AF1_TIM2;
 839              		.loc 1 363 5 view .LVU212
 364:Core/Src/stm32f7xx_hal_msp.c ****     HAL_GPIO_Init(GPIOA, &GPIO_InitStruct);
 840              		.loc 1 364 5 view .LVU213
 364:Core/Src/stm32f7xx_hal_msp.c ****     HAL_GPIO_Init(GPIOA, &GPIO_InitStruct);
 841              		.loc 1 364 31 is_stmt 0 view .LVU214
 842 003a 0123     		movs	r3, #1
 843 003c 0593     		str	r3, [sp, #20]
 365:Core/Src/stm32f7xx_hal_msp.c **** 
 844              		.loc 1 365 5 is_stmt 1 view .LVU215
 845 003e 01A9     		add	r1, sp, #4
 846 0040 0148     		ldr	r0, .L59
 847              	.LVL45:
 365:Core/Src/stm32f7xx_hal_msp.c **** 
 848              		.loc 1 365 5 is_stmt 0 view .LVU216
 849 0042 FFF7FEFF 		bl	HAL_GPIO_Init
 850              	.LVL46:
 851              		.loc 1 372 1 view .LVU217
 852 0046 E7E7     		b	.L55
 853              	.L60:
 854              		.align	2
 855              	.L59:
 856 0048 00000240 		.word	1073872896
 857              		.cfi_endproc
 858              	.LFE149:
 860              		.section	.text.HAL_TIM_Base_MspDeInit,"ax",%progbits
 861              		.align	1
 862              		.global	HAL_TIM_Base_MspDeInit
 863              		.syntax unified
 864              		.thumb
 865              		.thumb_func
 867              	HAL_TIM_Base_MspDeInit:
 868              	.LVL47:
 869              	.LFB150:
 373:Core/Src/stm32f7xx_hal_msp.c **** /**
 374:Core/Src/stm32f7xx_hal_msp.c ****   * @brief TIM_Base MSP De-Initialization
 375:Core/Src/stm32f7xx_hal_msp.c ****   * This function freeze the hardware resources used in this example
 376:Core/Src/stm32f7xx_hal_msp.c ****   * @param htim_base: TIM_Base handle pointer
 377:Core/Src/stm32f7xx_hal_msp.c ****   * @retval None
 378:Core/Src/stm32f7xx_hal_msp.c ****   */
 379:Core/Src/stm32f7xx_hal_msp.c **** void HAL_TIM_Base_MspDeInit(TIM_HandleTypeDef* htim_base)
 380:Core/Src/stm32f7xx_hal_msp.c **** {
 870              		.loc 1 380 1 is_stmt 1 view -0
 871              		.cfi_startproc
 872              		@ args = 0, pretend = 0, frame = 0
 873              		@ frame_needed = 0, uses_anonymous_args = 0
 874              		@ link register save eliminated.
 381:Core/Src/stm32f7xx_hal_msp.c ****   if(htim_base->Instance==TIM2)
 875              		.loc 1 381 3 view .LVU219
 876              		.loc 1 381 15 is_stmt 0 view .LVU220
 877 0000 0368     		ldr	r3, [r0]
 878              		.loc 1 381 5 view .LVU221
ARM GAS  C:\Users\ALEXMI~1\AppData\Local\Temp\ccZANXiz.s 			page 25


 879 0002 B3F1804F 		cmp	r3, #1073741824
 880 0006 00D0     		beq	.L63
 881              	.L61:
 382:Core/Src/stm32f7xx_hal_msp.c ****   {
 383:Core/Src/stm32f7xx_hal_msp.c ****     /* USER CODE BEGIN TIM2_MspDeInit 0 */
 384:Core/Src/stm32f7xx_hal_msp.c **** 
 385:Core/Src/stm32f7xx_hal_msp.c ****     /* USER CODE END TIM2_MspDeInit 0 */
 386:Core/Src/stm32f7xx_hal_msp.c ****     /* Peripheral clock disable */
 387:Core/Src/stm32f7xx_hal_msp.c ****     __HAL_RCC_TIM2_CLK_DISABLE();
 388:Core/Src/stm32f7xx_hal_msp.c ****     /* USER CODE BEGIN TIM2_MspDeInit 1 */
 389:Core/Src/stm32f7xx_hal_msp.c **** 
 390:Core/Src/stm32f7xx_hal_msp.c ****     /* USER CODE END TIM2_MspDeInit 1 */
 391:Core/Src/stm32f7xx_hal_msp.c ****   }
 392:Core/Src/stm32f7xx_hal_msp.c **** 
 393:Core/Src/stm32f7xx_hal_msp.c **** }
 882              		.loc 1 393 1 view .LVU222
 883 0008 7047     		bx	lr
 884              	.L63:
 387:Core/Src/stm32f7xx_hal_msp.c ****     /* USER CODE BEGIN TIM2_MspDeInit 1 */
 885              		.loc 1 387 5 is_stmt 1 view .LVU223
 886 000a 034A     		ldr	r2, .L64
 887 000c 136C     		ldr	r3, [r2, #64]
 888 000e 23F00103 		bic	r3, r3, #1
 889 0012 1364     		str	r3, [r2, #64]
 890              		.loc 1 393 1 is_stmt 0 view .LVU224
 891 0014 F8E7     		b	.L61
 892              	.L65:
 893 0016 00BF     		.align	2
 894              	.L64:
 895 0018 00380240 		.word	1073887232
 896              		.cfi_endproc
 897              	.LFE150:
 899              		.text
 900              	.Letext0:
 901              		.file 2 "C:/Program Files (x86)/Arm GNU Toolchain arm-none-eabi/14.2 rel1/arm-none-eabi/include/ma
 902              		.file 3 "C:/Program Files (x86)/Arm GNU Toolchain arm-none-eabi/14.2 rel1/arm-none-eabi/include/sy
 903              		.file 4 "Drivers/CMSIS/Device/ST/STM32F7xx/Include/stm32f722xx.h"
 904              		.file 5 "Drivers/STM32F7xx_HAL_Driver/Inc/stm32f7xx_hal_def.h"
 905              		.file 6 "Drivers/STM32F7xx_HAL_Driver/Inc/stm32f7xx_hal_rcc_ex.h"
 906              		.file 7 "Drivers/STM32F7xx_HAL_Driver/Inc/stm32f7xx_hal_gpio.h"
 907              		.file 8 "Drivers/STM32F7xx_HAL_Driver/Inc/stm32f7xx_hal_dma.h"
 908              		.file 9 "Drivers/STM32F7xx_HAL_Driver/Inc/stm32f7xx_hal_i2c.h"
 909              		.file 10 "Drivers/STM32F7xx_HAL_Driver/Inc/stm32f7xx_ll_sdmmc.h"
 910              		.file 11 "Drivers/STM32F7xx_HAL_Driver/Inc/stm32f7xx_hal_sd.h"
 911              		.file 12 "Drivers/STM32F7xx_HAL_Driver/Inc/stm32f7xx_hal_spi.h"
 912              		.file 13 "Drivers/STM32F7xx_HAL_Driver/Inc/stm32f7xx_hal_tim.h"
 913              		.file 14 "Core/Inc/main.h"
 914              		.file 15 "<built-in>"
ARM GAS  C:\Users\ALEXMI~1\AppData\Local\Temp\ccZANXiz.s 			page 26


DEFINED SYMBOLS
                            *ABS*:00000000 stm32f7xx_hal_msp.c
C:\Users\ALEXMI~1\AppData\Local\Temp\ccZANXiz.s:21     .text.HAL_MspInit:00000000 $t
C:\Users\ALEXMI~1\AppData\Local\Temp\ccZANXiz.s:27     .text.HAL_MspInit:00000000 HAL_MspInit
C:\Users\ALEXMI~1\AppData\Local\Temp\ccZANXiz.s:77     .text.HAL_MspInit:0000002c $d
C:\Users\ALEXMI~1\AppData\Local\Temp\ccZANXiz.s:82     .text.HAL_I2C_MspInit:00000000 $t
C:\Users\ALEXMI~1\AppData\Local\Temp\ccZANXiz.s:88     .text.HAL_I2C_MspInit:00000000 HAL_I2C_MspInit
C:\Users\ALEXMI~1\AppData\Local\Temp\ccZANXiz.s:223    .text.HAL_I2C_MspInit:00000080 $d
C:\Users\ALEXMI~1\AppData\Local\Temp\ccZANXiz.s:230    .text.HAL_I2C_MspDeInit:00000000 $t
C:\Users\ALEXMI~1\AppData\Local\Temp\ccZANXiz.s:236    .text.HAL_I2C_MspDeInit:00000000 HAL_I2C_MspDeInit
C:\Users\ALEXMI~1\AppData\Local\Temp\ccZANXiz.s:281    .text.HAL_I2C_MspDeInit:0000002c $d
C:\Users\ALEXMI~1\AppData\Local\Temp\ccZANXiz.s:288    .text.HAL_SD_MspInit:00000000 $t
C:\Users\ALEXMI~1\AppData\Local\Temp\ccZANXiz.s:294    .text.HAL_SD_MspInit:00000000 HAL_SD_MspInit
C:\Users\ALEXMI~1\AppData\Local\Temp\ccZANXiz.s:474    .text.HAL_SD_MspInit:000000bc $d
C:\Users\ALEXMI~1\AppData\Local\Temp\ccZANXiz.s:482    .text.HAL_SD_MspDeInit:00000000 $t
C:\Users\ALEXMI~1\AppData\Local\Temp\ccZANXiz.s:488    .text.HAL_SD_MspDeInit:00000000 HAL_SD_MspDeInit
C:\Users\ALEXMI~1\AppData\Local\Temp\ccZANXiz.s:536    .text.HAL_SD_MspDeInit:0000002c $d
C:\Users\ALEXMI~1\AppData\Local\Temp\ccZANXiz.s:544    .text.HAL_SPI_MspInit:00000000 $t
C:\Users\ALEXMI~1\AppData\Local\Temp\ccZANXiz.s:550    .text.HAL_SPI_MspInit:00000000 HAL_SPI_MspInit
C:\Users\ALEXMI~1\AppData\Local\Temp\ccZANXiz.s:653    .text.HAL_SPI_MspInit:00000060 $d
C:\Users\ALEXMI~1\AppData\Local\Temp\ccZANXiz.s:659    .text.HAL_SPI_MspDeInit:00000000 $t
C:\Users\ALEXMI~1\AppData\Local\Temp\ccZANXiz.s:665    .text.HAL_SPI_MspDeInit:00000000 HAL_SPI_MspDeInit
C:\Users\ALEXMI~1\AppData\Local\Temp\ccZANXiz.s:708    .text.HAL_SPI_MspDeInit:00000020 $d
C:\Users\ALEXMI~1\AppData\Local\Temp\ccZANXiz.s:715    .text.HAL_TIM_Base_MspInit:00000000 $t
C:\Users\ALEXMI~1\AppData\Local\Temp\ccZANXiz.s:721    .text.HAL_TIM_Base_MspInit:00000000 HAL_TIM_Base_MspInit
C:\Users\ALEXMI~1\AppData\Local\Temp\ccZANXiz.s:767    .text.HAL_TIM_MspPostInit:00000000 $t
C:\Users\ALEXMI~1\AppData\Local\Temp\ccZANXiz.s:773    .text.HAL_TIM_MspPostInit:00000000 HAL_TIM_MspPostInit
C:\Users\ALEXMI~1\AppData\Local\Temp\ccZANXiz.s:856    .text.HAL_TIM_MspPostInit:00000048 $d
C:\Users\ALEXMI~1\AppData\Local\Temp\ccZANXiz.s:861    .text.HAL_TIM_Base_MspDeInit:00000000 $t
C:\Users\ALEXMI~1\AppData\Local\Temp\ccZANXiz.s:867    .text.HAL_TIM_Base_MspDeInit:00000000 HAL_TIM_Base_MspDeInit
C:\Users\ALEXMI~1\AppData\Local\Temp\ccZANXiz.s:895    .text.HAL_TIM_Base_MspDeInit:00000018 $d

UNDEFINED SYMBOLS
memset
HAL_RCCEx_PeriphCLKConfig
HAL_GPIO_Init
Error_Handler
HAL_GPIO_DeInit
